2024-03-29T13:38:19.516-0300 [DEBUG] [org.gradle.launcher.daemon.bootstrap.DaemonMain] Assuming the daemon was started with following jvm opts: [--add-opens=java.base/java.util=ALL-UNNAMED, --add-opens=java.base/java.lang=ALL-UNNAMED, --add-opens=java.base/java.lang.invoke=ALL-UNNAMED, --add-opens=java.prefs/java.util.prefs=ALL-UNNAMED, --add-opens=java.base/java.nio.charset=ALL-UNNAMED, --add-opens=java.base/java.net=ALL-UNNAMED, --add-opens=java.base/java.util.concurrent.atomic=ALL-UNNAMED, -XX:MaxMetaspaceSize=384m, -XX:+HeapDumpOnOutOfMemoryError, -Xms256m, -Xmx512m, -Dfile.encoding=windows-1252, -Duser.country=BR, -Duser.language=pt, -Duser.variant]
2024-03-29T13:38:19.750-0300 [DEBUG] [org.gradle.internal.nativeintegration.services.NativeServices] Native-platform posix files integration is not available. Continuing with fallback.
2024-03-29T13:38:19.766-0300 [INFO] [org.gradle.launcher.daemon.server.Daemon] start() called on daemon - DefaultDaemonContext[uid=4c01192d-f8f2-45f5-b1a5-a2ddcb809583,javaHome=C:\Users\iara-\.jdks\openjdk-21.0.2,daemonRegistryDir=C:\Danillo\Projetos\unitfit\unitfit_training\training\gradle\wrapper\daemon,pid=18032,idleTimeout=10800000,priority=NORMAL,applyInstrumentationAgent=true,daemonOpts=--add-opens=java.base/java.util=ALL-UNNAMED,--add-opens=java.base/java.lang=ALL-UNNAMED,--add-opens=java.base/java.lang.invoke=ALL-UNNAMED,--add-opens=java.prefs/java.util.prefs=ALL-UNNAMED,--add-opens=java.base/java.nio.charset=ALL-UNNAMED,--add-opens=java.base/java.net=ALL-UNNAMED,--add-opens=java.base/java.util.concurrent.atomic=ALL-UNNAMED,-XX:MaxMetaspaceSize=384m,-XX:+HeapDumpOnOutOfMemoryError,-Xms256m,-Xmx512m,-Dfile.encoding=windows-1252,-Duser.country=BR,-Duser.language=pt,-Duser.variant]
2024-03-29T13:38:19.836-0300 [DEBUG] [org.gradle.internal.remote.internal.inet.InetAddresses] Adding IP addresses for network interface Realtek(R) PCI(e) Ethernet Controller-WFP Native MAC Layer LightWeight Filter-0000
2024-03-29T13:38:19.837-0300 [DEBUG] [org.gradle.internal.remote.internal.inet.InetAddresses] Is this a loopback interface? false
2024-03-29T13:38:19.837-0300 [DEBUG] [org.gradle.internal.remote.internal.inet.InetAddresses] Adding IP addresses for network interface Realtek(R) PCI(e) Ethernet Controller-QoS Packet Scheduler-0000
2024-03-29T13:38:19.838-0300 [DEBUG] [org.gradle.internal.remote.internal.inet.InetAddresses] Is this a loopback interface? false
2024-03-29T13:38:19.838-0300 [DEBUG] [org.gradle.internal.remote.internal.inet.InetAddresses] Adding IP addresses for network interface Realtek(R) PCI(e) Ethernet Controller-WFP 802.3 MAC Layer LightWeight Filter-0000
2024-03-29T13:38:19.839-0300 [DEBUG] [org.gradle.internal.remote.internal.inet.InetAddresses] Is this a loopback interface? false
2024-03-29T13:38:19.839-0300 [DEBUG] [org.gradle.internal.remote.internal.inet.InetAddresses] Adding IP addresses for network interface Hyper-V Virtual Switch Extension Adapter-Hyper-V Virtual Switch Extension Filter-0000
2024-03-29T13:38:19.840-0300 [DEBUG] [org.gradle.internal.remote.internal.inet.InetAddresses] Is this a loopback interface? false
2024-03-29T13:38:19.840-0300 [DEBUG] [org.gradle.internal.remote.internal.inet.InetAddresses] Adding IP addresses for network interface Hyper-V Virtual Switch Extension Adapter-Virtual Filtering Platform VMSwitch Extension-0000
2024-03-29T13:38:19.841-0300 [DEBUG] [org.gradle.internal.remote.internal.inet.InetAddresses] Is this a loopback interface? false
2024-03-29T13:38:19.841-0300 [DEBUG] [org.gradle.internal.remote.internal.inet.InetAddresses] Adding IP addresses for network interface Hyper-V Virtual Ethernet Adapter-WFP Native MAC Layer LightWeight Filter-0000
2024-03-29T13:38:19.842-0300 [DEBUG] [org.gradle.internal.remote.internal.inet.InetAddresses] Is this a loopback interface? false
2024-03-29T13:38:19.842-0300 [DEBUG] [org.gradle.internal.remote.internal.inet.InetAddresses] Adding IP addresses for network interface Hyper-V Virtual Ethernet Adapter-QoS Packet Scheduler-0000
2024-03-29T13:38:19.843-0300 [DEBUG] [org.gradle.internal.remote.internal.inet.InetAddresses] Is this a loopback interface? false
2024-03-29T13:38:19.844-0300 [DEBUG] [org.gradle.internal.remote.internal.inet.InetAddresses] Adding IP addresses for network interface Hyper-V Virtual Ethernet Adapter-WFP 802.3 MAC Layer LightWeight Filter-0000
2024-03-29T13:38:19.844-0300 [DEBUG] [org.gradle.internal.remote.internal.inet.InetAddresses] Is this a loopback interface? false
2024-03-29T13:38:19.845-0300 [DEBUG] [org.gradle.internal.remote.internal.inet.InetAddresses] Adding IP addresses for network interface WAN Miniport (IP)-WFP Native MAC Layer LightWeight Filter-0000
2024-03-29T13:38:19.845-0300 [DEBUG] [org.gradle.internal.remote.internal.inet.InetAddresses] Is this a loopback interface? false
2024-03-29T13:38:19.845-0300 [DEBUG] [org.gradle.internal.remote.internal.inet.InetAddresses] Adding IP addresses for network interface WAN Miniport (IP)-QoS Packet Scheduler-0000
2024-03-29T13:38:19.845-0300 [DEBUG] [org.gradle.internal.remote.internal.inet.InetAddresses] Is this a loopback interface? false
2024-03-29T13:38:19.846-0300 [DEBUG] [org.gradle.internal.remote.internal.inet.InetAddresses] Adding IP addresses for network interface WAN Miniport (IPv6)-WFP Native MAC Layer LightWeight Filter-0000
2024-03-29T13:38:19.846-0300 [DEBUG] [org.gradle.internal.remote.internal.inet.InetAddresses] Is this a loopback interface? false
2024-03-29T13:38:19.846-0300 [DEBUG] [org.gradle.internal.remote.internal.inet.InetAddresses] Adding IP addresses for network interface WAN Miniport (IPv6)-QoS Packet Scheduler-0000
2024-03-29T13:38:19.847-0300 [DEBUG] [org.gradle.internal.remote.internal.inet.InetAddresses] Is this a loopback interface? false
2024-03-29T13:38:19.847-0300 [DEBUG] [org.gradle.internal.remote.internal.inet.InetAddresses] Adding IP addresses for network interface WAN Miniport (Network Monitor)-WFP Native MAC Layer LightWeight Filter-0000
2024-03-29T13:38:19.847-0300 [DEBUG] [org.gradle.internal.remote.internal.inet.InetAddresses] Is this a loopback interface? false
2024-03-29T13:38:19.848-0300 [DEBUG] [org.gradle.internal.remote.internal.inet.InetAddresses] Adding IP addresses for network interface WAN Miniport (Network Monitor)-QoS Packet Scheduler-0000
2024-03-29T13:38:19.848-0300 [DEBUG] [org.gradle.internal.remote.internal.inet.InetAddresses] Is this a loopback interface? false
2024-03-29T13:38:19.848-0300 [DEBUG] [org.gradle.internal.remote.internal.inet.InetAddresses] Adding IP addresses for network interface Microsoft Kernel Debug Network Adapter
2024-03-29T13:38:19.848-0300 [DEBUG] [org.gradle.internal.remote.internal.inet.InetAddresses] Is this a loopback interface? false
2024-03-29T13:38:19.849-0300 [DEBUG] [org.gradle.internal.remote.internal.inet.InetAddresses] Adding IP addresses for network interface Realtek(R) PCI(e) Ethernet Controller
2024-03-29T13:38:19.849-0300 [DEBUG] [org.gradle.internal.remote.internal.inet.InetAddresses] Is this a loopback interface? false
2024-03-29T13:38:19.850-0300 [DEBUG] [org.gradle.internal.remote.internal.inet.InetAddresses] Adding remote address /fe80:0:0:0:6e6:28f2:53bd:365b%ethernet_32769
2024-03-29T13:38:19.850-0300 [DEBUG] [org.gradle.internal.remote.internal.inet.InetAddresses] Adding IP addresses for network interface WAN Miniport (IP)
2024-03-29T13:38:19.850-0300 [DEBUG] [org.gradle.internal.remote.internal.inet.InetAddresses] Is this a loopback interface? false
2024-03-29T13:38:19.851-0300 [DEBUG] [org.gradle.internal.remote.internal.inet.InetAddresses] Adding IP addresses for network interface WAN Miniport (IPv6)
2024-03-29T13:38:19.851-0300 [DEBUG] [org.gradle.internal.remote.internal.inet.InetAddresses] Is this a loopback interface? false
2024-03-29T13:38:19.851-0300 [DEBUG] [org.gradle.internal.remote.internal.inet.InetAddresses] Adding IP addresses for network interface WAN Miniport (Network Monitor)
2024-03-29T13:38:19.852-0300 [DEBUG] [org.gradle.internal.remote.internal.inet.InetAddresses] Is this a loopback interface? false
2024-03-29T13:38:19.852-0300 [DEBUG] [org.gradle.internal.remote.internal.inet.InetAddresses] Adding IP addresses for network interface Bluetooth Device (Personal Area Network)
2024-03-29T13:38:19.853-0300 [DEBUG] [org.gradle.internal.remote.internal.inet.InetAddresses] Is this a loopback interface? false
2024-03-29T13:38:19.853-0300 [DEBUG] [org.gradle.internal.remote.internal.inet.InetAddresses] Adding IP addresses for network interface Bluetooth Device (Personal Area Network) #2
2024-03-29T13:38:19.853-0300 [DEBUG] [org.gradle.internal.remote.internal.inet.InetAddresses] Is this a loopback interface? false
2024-03-29T13:38:19.854-0300 [DEBUG] [org.gradle.internal.remote.internal.inet.InetAddresses] Adding IP addresses for network interface Hyper-V Virtual Switch Extension Adapter
2024-03-29T13:38:19.854-0300 [DEBUG] [org.gradle.internal.remote.internal.inet.InetAddresses] Is this a loopback interface? false
2024-03-29T13:38:19.854-0300 [DEBUG] [org.gradle.internal.remote.internal.inet.InetAddresses] Adding IP addresses for network interface Hyper-V Virtual Ethernet Adapter
2024-03-29T13:38:19.855-0300 [DEBUG] [org.gradle.internal.remote.internal.inet.InetAddresses] Is this a loopback interface? false
2024-03-29T13:38:19.855-0300 [DEBUG] [org.gradle.internal.remote.internal.inet.InetAddresses] Adding remote address /fe80:0:0:0:aec9:4e83:fb5c:c4e5%ethernet_32776
2024-03-29T13:38:19.856-0300 [DEBUG] [org.gradle.internal.remote.internal.inet.InetAddresses] Adding remote address /172.30.240.1
2024-03-29T13:38:19.856-0300 [DEBUG] [org.gradle.internal.remote.internal.inet.InetAddresses] Adding IP addresses for network interface WAN Miniport (PPPOE)
2024-03-29T13:38:19.856-0300 [DEBUG] [org.gradle.internal.remote.internal.inet.InetAddresses] Is this a loopback interface? false
2024-03-29T13:38:19.857-0300 [DEBUG] [org.gradle.internal.remote.internal.inet.InetAddresses] Adding IP addresses for network interface Software Loopback Interface 1
2024-03-29T13:38:19.857-0300 [DEBUG] [org.gradle.internal.remote.internal.inet.InetAddresses] Is this a loopback interface? true
2024-03-29T13:38:19.858-0300 [DEBUG] [org.gradle.internal.remote.internal.inet.InetAddresses] Adding loopback address /0:0:0:0:0:0:0:1
2024-03-29T13:38:19.858-0300 [DEBUG] [org.gradle.internal.remote.internal.inet.InetAddresses] Adding loopback address /127.0.0.1
2024-03-29T13:38:19.858-0300 [DEBUG] [org.gradle.internal.remote.internal.inet.InetAddresses] Adding IP addresses for network interface Intel(R) Wireless-AC 9560 160MHz-WFP Native MAC Layer LightWeight Filter-0000
2024-03-29T13:38:19.859-0300 [DEBUG] [org.gradle.internal.remote.internal.inet.InetAddresses] Is this a loopback interface? false
2024-03-29T13:38:19.859-0300 [DEBUG] [org.gradle.internal.remote.internal.inet.InetAddresses] Adding IP addresses for network interface Intel(R) Wireless-AC 9560 160MHz-Virtual WiFi Filter Driver-0000
2024-03-29T13:38:19.859-0300 [DEBUG] [org.gradle.internal.remote.internal.inet.InetAddresses] Is this a loopback interface? false
2024-03-29T13:38:19.859-0300 [DEBUG] [org.gradle.internal.remote.internal.inet.InetAddresses] Adding IP addresses for network interface Intel(R) Wireless-AC 9560 160MHz-Native WiFi Filter Driver-0000
2024-03-29T13:38:19.860-0300 [DEBUG] [org.gradle.internal.remote.internal.inet.InetAddresses] Is this a loopback interface? false
2024-03-29T13:38:19.861-0300 [DEBUG] [org.gradle.internal.remote.internal.inet.InetAddresses] Adding IP addresses for network interface Intel(R) Wireless-AC 9560 160MHz-QoS Packet Scheduler-0000
2024-03-29T13:38:19.861-0300 [DEBUG] [org.gradle.internal.remote.internal.inet.InetAddresses] Is this a loopback interface? false
2024-03-29T13:38:19.861-0300 [DEBUG] [org.gradle.internal.remote.internal.inet.InetAddresses] Adding IP addresses for network interface Intel(R) Wireless-AC 9560 160MHz-WFP 802.3 MAC Layer LightWeight Filter-0000
2024-03-29T13:38:19.862-0300 [DEBUG] [org.gradle.internal.remote.internal.inet.InetAddresses] Is this a loopback interface? false
2024-03-29T13:38:19.862-0300 [DEBUG] [org.gradle.internal.remote.internal.inet.InetAddresses] Adding IP addresses for network interface Microsoft Wi-Fi Direct Virtual Adapter-WFP Native MAC Layer LightWeight Filter-0000
2024-03-29T13:38:19.862-0300 [DEBUG] [org.gradle.internal.remote.internal.inet.InetAddresses] Is this a loopback interface? false
2024-03-29T13:38:19.862-0300 [DEBUG] [org.gradle.internal.remote.internal.inet.InetAddresses] Adding IP addresses for network interface Microsoft Wi-Fi Direct Virtual Adapter-Native WiFi Filter Driver-0000
2024-03-29T13:38:19.862-0300 [DEBUG] [org.gradle.internal.remote.internal.inet.InetAddresses] Is this a loopback interface? false
2024-03-29T13:38:19.863-0300 [DEBUG] [org.gradle.internal.remote.internal.inet.InetAddresses] Adding IP addresses for network interface Microsoft Wi-Fi Direct Virtual Adapter-QoS Packet Scheduler-0000
2024-03-29T13:38:19.863-0300 [DEBUG] [org.gradle.internal.remote.internal.inet.InetAddresses] Is this a loopback interface? false
2024-03-29T13:38:19.863-0300 [DEBUG] [org.gradle.internal.remote.internal.inet.InetAddresses] Adding IP addresses for network interface Microsoft Wi-Fi Direct Virtual Adapter-WFP 802.3 MAC Layer LightWeight Filter-0000
2024-03-29T13:38:19.863-0300 [DEBUG] [org.gradle.internal.remote.internal.inet.InetAddresses] Is this a loopback interface? false
2024-03-29T13:38:19.864-0300 [DEBUG] [org.gradle.internal.remote.internal.inet.InetAddresses] Adding IP addresses for network interface Microsoft Wi-Fi Direct Virtual Adapter #2-WFP Native MAC Layer LightWeight Filter-0000
2024-03-29T13:38:19.864-0300 [DEBUG] [org.gradle.internal.remote.internal.inet.InetAddresses] Is this a loopback interface? false
2024-03-29T13:38:19.864-0300 [DEBUG] [org.gradle.internal.remote.internal.inet.InetAddresses] Adding IP addresses for network interface Microsoft Wi-Fi Direct Virtual Adapter #2-Native WiFi Filter Driver-0000
2024-03-29T13:38:19.864-0300 [DEBUG] [org.gradle.internal.remote.internal.inet.InetAddresses] Is this a loopback interface? false
2024-03-29T13:38:19.864-0300 [DEBUG] [org.gradle.internal.remote.internal.inet.InetAddresses] Adding IP addresses for network interface Microsoft Wi-Fi Direct Virtual Adapter #2-QoS Packet Scheduler-0000
2024-03-29T13:38:19.865-0300 [DEBUG] [org.gradle.internal.remote.internal.inet.InetAddresses] Is this a loopback interface? false
2024-03-29T13:38:19.865-0300 [DEBUG] [org.gradle.internal.remote.internal.inet.InetAddresses] Adding IP addresses for network interface Microsoft Wi-Fi Direct Virtual Adapter #2-WFP 802.3 MAC Layer LightWeight Filter-0000
2024-03-29T13:38:19.865-0300 [DEBUG] [org.gradle.internal.remote.internal.inet.InetAddresses] Is this a loopback interface? false
2024-03-29T13:38:19.865-0300 [DEBUG] [org.gradle.internal.remote.internal.inet.InetAddresses] Adding IP addresses for network interface Intel(R) Wireless-AC 9560 160MHz
2024-03-29T13:38:19.865-0300 [DEBUG] [org.gradle.internal.remote.internal.inet.InetAddresses] Is this a loopback interface? false
2024-03-29T13:38:19.866-0300 [DEBUG] [org.gradle.internal.remote.internal.inet.InetAddresses] Adding remote address /fe80:0:0:0:725f:4e85:c014:4388%wireless_32768
2024-03-29T13:38:19.866-0300 [DEBUG] [org.gradle.internal.remote.internal.inet.InetAddresses] Adding remote address /2804:29b8:508b:e74:61f5:47bd:1d16:26e6
2024-03-29T13:38:19.866-0300 [DEBUG] [org.gradle.internal.remote.internal.inet.InetAddresses] Adding remote address /2804:29b8:508b:e74:1f03:b99:a07e:17df
2024-03-29T13:38:19.866-0300 [DEBUG] [org.gradle.internal.remote.internal.inet.InetAddresses] Adding remote address /192.168.0.6
2024-03-29T13:38:19.866-0300 [DEBUG] [org.gradle.internal.remote.internal.inet.InetAddresses] Adding IP addresses for network interface Microsoft Wi-Fi Direct Virtual Adapter
2024-03-29T13:38:19.867-0300 [DEBUG] [org.gradle.internal.remote.internal.inet.InetAddresses] Is this a loopback interface? false
2024-03-29T13:38:19.867-0300 [DEBUG] [org.gradle.internal.remote.internal.inet.InetAddresses] Adding remote address /fe80:0:0:0:3eae:3f58:b541:8ce5%wireless_32769
2024-03-29T13:38:19.867-0300 [DEBUG] [org.gradle.internal.remote.internal.inet.InetAddresses] Adding IP addresses for network interface Microsoft Wi-Fi Direct Virtual Adapter #2
2024-03-29T13:38:19.867-0300 [DEBUG] [org.gradle.internal.remote.internal.inet.InetAddresses] Is this a loopback interface? false
2024-03-29T13:38:19.867-0300 [DEBUG] [org.gradle.internal.remote.internal.inet.InetAddresses] Adding remote address /fe80:0:0:0:2381:fbaa:e054:47f7%wireless_32770
2024-03-29T13:38:19.868-0300 [DEBUG] [org.gradle.internal.remote.internal.inet.InetAddresses] Adding IP addresses for network interface Microsoft Teredo Tunneling Adapter
2024-03-29T13:38:19.868-0300 [DEBUG] [org.gradle.internal.remote.internal.inet.InetAddresses] Is this a loopback interface? false
2024-03-29T13:38:19.868-0300 [DEBUG] [org.gradle.internal.remote.internal.inet.InetAddresses] Adding IP addresses for network interface Microsoft IP-HTTPS Platform Adapter
2024-03-29T13:38:19.868-0300 [DEBUG] [org.gradle.internal.remote.internal.inet.InetAddresses] Is this a loopback interface? false
2024-03-29T13:38:19.868-0300 [DEBUG] [org.gradle.internal.remote.internal.inet.InetAddresses] Adding IP addresses for network interface Microsoft 6to4 Adapter
2024-03-29T13:38:19.869-0300 [DEBUG] [org.gradle.internal.remote.internal.inet.InetAddresses] Is this a loopback interface? false
2024-03-29T13:38:19.869-0300 [DEBUG] [org.gradle.internal.remote.internal.inet.InetAddresses] Adding IP addresses for network interface WAN Miniport (SSTP)
2024-03-29T13:38:19.869-0300 [DEBUG] [org.gradle.internal.remote.internal.inet.InetAddresses] Is this a loopback interface? false
2024-03-29T13:38:19.870-0300 [DEBUG] [org.gradle.internal.remote.internal.inet.InetAddresses] Adding IP addresses for network interface WAN Miniport (IKEv2)
2024-03-29T13:38:19.870-0300 [DEBUG] [org.gradle.internal.remote.internal.inet.InetAddresses] Is this a loopback interface? false
2024-03-29T13:38:19.870-0300 [DEBUG] [org.gradle.internal.remote.internal.inet.InetAddresses] Adding IP addresses for network interface WAN Miniport (L2TP)
2024-03-29T13:38:19.870-0300 [DEBUG] [org.gradle.internal.remote.internal.inet.InetAddresses] Is this a loopback interface? false
2024-03-29T13:38:19.870-0300 [DEBUG] [org.gradle.internal.remote.internal.inet.InetAddresses] Adding IP addresses for network interface WAN Miniport (PPTP)
2024-03-29T13:38:19.871-0300 [DEBUG] [org.gradle.internal.remote.internal.inet.InetAddresses] Is this a loopback interface? false
2024-03-29T13:38:19.873-0300 [DEBUG] [org.gradle.internal.remote.internal.inet.TcpIncomingConnector] Listening on [2a42b088-7e03-48c7-b8e5-5f175bef7de7 port:51113, addresses:[localhost/127.0.0.1]].
2024-03-29T13:38:19.891-0300 [DEBUG] [org.gradle.launcher.daemon.server.Daemon] Daemon starting at: Fri Mar 29 13:38:19 BRT 2024, with address: [2a42b088-7e03-48c7-b8e5-5f175bef7de7 port:51113, addresses:[localhost/127.0.0.1]]
2024-03-29T13:38:19.892-0300 [INFO] [org.gradle.launcher.daemon.server.DaemonRegistryUpdater] Advertising the daemon address to the clients: [2a42b088-7e03-48c7-b8e5-5f175bef7de7 port:51113, addresses:[localhost/127.0.0.1]]
2024-03-29T13:38:19.893-0300 [DEBUG] [org.gradle.launcher.daemon.server.DaemonRegistryUpdater] Advertised daemon context: DefaultDaemonContext[uid=4c01192d-f8f2-45f5-b1a5-a2ddcb809583,javaHome=C:\Users\iara-\.jdks\openjdk-21.0.2,daemonRegistryDir=C:\Danillo\Projetos\unitfit\unitfit_training\training\gradle\wrapper\daemon,pid=18032,idleTimeout=10800000,priority=NORMAL,applyInstrumentationAgent=true,daemonOpts=--add-opens=java.base/java.util=ALL-UNNAMED,--add-opens=java.base/java.lang=ALL-UNNAMED,--add-opens=java.base/java.lang.invoke=ALL-UNNAMED,--add-opens=java.prefs/java.util.prefs=ALL-UNNAMED,--add-opens=java.base/java.nio.charset=ALL-UNNAMED,--add-opens=java.base/java.net=ALL-UNNAMED,--add-opens=java.base/java.util.concurrent.atomic=ALL-UNNAMED,-XX:MaxMetaspaceSize=384m,-XX:+HeapDumpOnOutOfMemoryError,-Xms256m,-Xmx512m,-Dfile.encoding=windows-1252,-Duser.country=BR,-Duser.language=pt,-Duser.variant]
2024-03-29T13:38:19.896-0300 [DEBUG] [org.gradle.launcher.daemon.registry.PersistentDaemonRegistry] Storing daemon address: [2a42b088-7e03-48c7-b8e5-5f175bef7de7 port:51113, addresses:[localhost/127.0.0.1]], context: DefaultDaemonContext[uid=4c01192d-f8f2-45f5-b1a5-a2ddcb809583,javaHome=C:\Users\iara-\.jdks\openjdk-21.0.2,daemonRegistryDir=C:\Danillo\Projetos\unitfit\unitfit_training\training\gradle\wrapper\daemon,pid=18032,idleTimeout=10800000,priority=NORMAL,applyInstrumentationAgent=true,daemonOpts=--add-opens=java.base/java.util=ALL-UNNAMED,--add-opens=java.base/java.lang=ALL-UNNAMED,--add-opens=java.base/java.lang.invoke=ALL-UNNAMED,--add-opens=java.prefs/java.util.prefs=ALL-UNNAMED,--add-opens=java.base/java.nio.charset=ALL-UNNAMED,--add-opens=java.base/java.net=ALL-UNNAMED,--add-opens=java.base/java.util.concurrent.atomic=ALL-UNNAMED,-XX:MaxMetaspaceSize=384m,-XX:+HeapDumpOnOutOfMemoryError,-Xms256m,-Xmx512m,-Dfile.encoding=windows-1252,-Duser.country=BR,-Duser.language=pt,-Duser.variant]
2024-03-29T13:38:19.915-0300 [DEBUG] [org.gradle.cache.internal.DefaultFileLockManager] Waiting to acquire exclusive lock on daemon addresses registry.
2024-03-29T13:38:19.922-0300 [DEBUG] [org.gradle.cache.internal.DefaultFileLockManager] Lock acquired on daemon addresses registry.
2024-03-29T13:38:19.935-0300 [DEBUG] [org.gradle.cache.internal.DefaultFileLockManager] Releasing lock on daemon addresses registry.
2024-03-29T13:38:19.936-0300 [LIFECYCLE] [org.gradle.launcher.daemon.server.Daemon] Daemon server started.
2024-03-29T13:38:19.938-0300 [DEBUG] [org.gradle.launcher.daemon.bootstrap.DaemonStartupCommunication] Completed writing the daemon greeting. Closing streams...
2024-03-29T13:38:19.947-0300 [DEBUG] [org.gradle.launcher.daemon.server.Daemon] stopOnExpiration() called on daemon
2024-03-29T13:38:19.948-0300 [DEBUG] [org.gradle.launcher.daemon.server.Daemon] awaitExpiration() called on daemon
2024-03-29T13:38:19.949-0300 [DEBUG] [org.gradle.launcher.daemon.server.DaemonStateCoordinator] daemon is running. Sleeping until state changes.
2024-03-29T13:38:19.953-0300 [DEBUG] [org.gradle.internal.remote.internal.inet.TcpIncomingConnector] Accepted connection from /127.0.0.1:51114 to /127.0.0.1:51113.
2024-03-29T13:38:20.043-0300 [DEBUG] [org.gradle.launcher.daemon.server.SynchronizedDispatchConnection] thread 33: received class org.gradle.launcher.daemon.protocol.Build
2024-03-29T13:38:20.043-0300 [DEBUG] [org.gradle.launcher.daemon.server.DefaultDaemonConnection] thread 33: Received non-IO message from client: Build{id=5e9f1074-29ab-42aa-b551-4aef172e5f94, currentDir=C:\Danillo\Projetos\unitfit\unitfit_training}
2024-03-29T13:38:20.044-0300 [INFO] [org.gradle.launcher.daemon.server.DefaultIncomingConnectionHandler] Received command: Build{id=5e9f1074-29ab-42aa-b551-4aef172e5f94, currentDir=C:\Danillo\Projetos\unitfit\unitfit_training}.
2024-03-29T13:38:20.044-0300 [DEBUG] [org.gradle.launcher.daemon.server.DefaultIncomingConnectionHandler] Starting executing command: Build{id=5e9f1074-29ab-42aa-b551-4aef172e5f94, currentDir=C:\Danillo\Projetos\unitfit\unitfit_training} with connection: socket connection from /127.0.0.1:51113 to /127.0.0.1:51114.
2024-03-29T13:38:20.048-0300 [DEBUG] [org.gradle.launcher.daemon.server.DaemonStateCoordinator] Command execution: started DaemonCommandExecution[command = Build{id=5e9f1074-29ab-42aa-b551-4aef172e5f94, currentDir=C:\Danillo\Projetos\unitfit\unitfit_training}, connection = DefaultDaemonConnection: socket connection from /127.0.0.1:51113 to /127.0.0.1:51114] after 0.0 minutes of idle
2024-03-29T13:38:20.048-0300 [INFO] [org.gradle.launcher.daemon.server.DaemonRegistryUpdater] Marking the daemon as busy, address: [2a42b088-7e03-48c7-b8e5-5f175bef7de7 port:51113, addresses:[localhost/127.0.0.1]]
2024-03-29T13:38:20.049-0300 [DEBUG] [org.gradle.launcher.daemon.registry.PersistentDaemonRegistry] Marking busy by address: [2a42b088-7e03-48c7-b8e5-5f175bef7de7 port:51113, addresses:[localhost/127.0.0.1]]
2024-03-29T13:38:20.051-0300 [DEBUG] [org.gradle.cache.internal.DefaultFileLockManager] Waiting to acquire exclusive lock on daemon addresses registry.
2024-03-29T13:38:20.051-0300 [DEBUG] [org.gradle.cache.internal.DefaultFileLockManager] Lock acquired on daemon addresses registry.
2024-03-29T13:38:20.053-0300 [DEBUG] [org.gradle.cache.internal.DefaultFileLockManager] Releasing lock on daemon addresses registry.
2024-03-29T13:38:20.054-0300 [DEBUG] [org.gradle.launcher.daemon.server.DaemonStateCoordinator] resetting idle timer
2024-03-29T13:38:20.054-0300 [DEBUG] [org.gradle.launcher.daemon.server.DaemonStateCoordinator] daemon is running. Sleeping until state changes.
2024-03-29T13:38:20.055-0300 [INFO] [org.gradle.launcher.daemon.server.exec.StartBuildOrRespondWithBusy] Daemon is about to start building Build{id=5e9f1074-29ab-42aa-b551-4aef172e5f94, currentDir=C:\Danillo\Projetos\unitfit\unitfit_training}. Dispatching build started information...
2024-03-29T13:38:20.055-0300 [DEBUG] [org.gradle.launcher.daemon.server.SynchronizedDispatchConnection] thread 35: dispatching org.gradle.launcher.daemon.protocol.BuildStarted@7f802f11
2024-03-29T13:38:20.057-0300 [DEBUG] [org.gradle.launcher.daemon.server.exec.EstablishBuildEnvironment] Configuring env variables: [USERDOMAIN_ROAMINGPROFILE, PROCESSOR_LEVEL, SESSIONNAME, ALLUSERSPROFILE, INTEL_DEV_REDIST, PROCESSOR_ARCHITECTURE, MIC_LD_LIBRARY_PATH, PSModulePath, SystemDrive, USERNAME, ProgramFiles(x86), PYTHONPATH, PATHEXT, DriverData, OneDriveConsumer, IntelliJ IDEA Community Edition, GOPATH, ProgramData, ProgramW6432, HOMEPATH, PROCESSOR_IDENTIFIER, M2_HOME, ProgramFiles, PUBLIC, windir, =::, ZES_ENABLE_SYSMAN, LOCALAPPDATA, USERDOMAIN, LOGONSERVER, JAVA_HOME, OneDrive, APPDATA, CommonProgramFiles, Path, OS, COMPUTERNAME, PROCESSOR_REVISION, CommonProgramW6432, ComSpec, TEMP, SystemRoot, HOMEDRIVE, USERPROFILE, TMP, CommonProgramFiles(x86), EFC_9244, NUMBER_OF_PROCESSORS, IDEA_INITIAL_DIRECTORY]
2024-03-29T13:38:20.064-0300 [DEBUG] [org.gradle.launcher.daemon.server.exec.LogToClient] About to start relaying all logs to the client via the connection.
2024-03-29T13:38:20.064-0300 [INFO] [org.gradle.launcher.daemon.server.exec.LogToClient] The client will now receive all logging from the daemon (pid: 18032). The daemon log file: C:\Danillo\Projetos\unitfit\unitfit_training\training\gradle\wrapper\daemon\8.6\daemon-18032.out.log
2024-03-29T13:38:20.067-0300 [INFO] [org.gradle.launcher.daemon.server.exec.LogAndCheckHealth] Starting build in new daemon [memory: 512 MiB]
2024-03-29T13:38:20.069-0300 [DEBUG] [org.gradle.launcher.daemon.server.exec.ExecuteBuild] The daemon has started executing the build.
2024-03-29T13:38:20.070-0300 [DEBUG] [org.gradle.launcher.daemon.server.exec.ExecuteBuild] Executing build with daemon context: DefaultDaemonContext[uid=4c01192d-f8f2-45f5-b1a5-a2ddcb809583,javaHome=C:\Users\iara-\.jdks\openjdk-21.0.2,daemonRegistryDir=C:\Danillo\Projetos\unitfit\unitfit_training\training\gradle\wrapper\daemon,pid=18032,idleTimeout=10800000,priority=NORMAL,applyInstrumentationAgent=true,daemonOpts=--add-opens=java.base/java.util=ALL-UNNAMED,--add-opens=java.base/java.lang=ALL-UNNAMED,--add-opens=java.base/java.lang.invoke=ALL-UNNAMED,--add-opens=java.prefs/java.util.prefs=ALL-UNNAMED,--add-opens=java.base/java.nio.charset=ALL-UNNAMED,--add-opens=java.base/java.net=ALL-UNNAMED,--add-opens=java.base/java.util.concurrent.atomic=ALL-UNNAMED,-XX:MaxMetaspaceSize=384m,-XX:+HeapDumpOnOutOfMemoryError,-Xms256m,-Xmx512m,-Dfile.encoding=windows-1252,-Duser.country=BR,-Duser.language=pt,-Duser.variant]

TrainingApplicationTests > modulesVerify() FAILED
    java.lang.IllegalStateException at DefaultCacheAwareContextLoaderDelegate.java:180
        Caused by: org.springframework.beans.factory.BeanCreationException at AbstractAutowireCapableBeanFactory.java:1786
            Caused by: liquibase.exception.DatabaseException at SpringLiquibase.java:288
                Caused by: org.postgresql.util.PSQLException at ConnectionFactoryImpl.java:342
                    Caused by: java.net.ConnectException at Net.java:-2

TrainingApplicationTests > modulesPrinter() FAILED
    java.lang.IllegalStateException at DefaultCacheAwareContextLoaderDelegate.java:145

2 tests completed, 2 failed

FAILURE: Build failed with an exception.

* What went wrong:
Execution failed for task ':test'.
> There were failing tests. See the report at: file:///C:/Danillo/Projetos/unitfit/unitfit_training/build/reports/tests/test/index.html

* Try:
> Run with --scan to get full insights.

Deprecated Gradle features were used in this build, making it incompatible with Gradle 9.0.

You can use '--warning-mode all' to show the individual deprecation warnings and determine if they come from your own scripts or plugins.

For more on this, please refer to https://docs.gradle.org/8.6/userguide/command_line_interface.html#sec:command_line_warnings in the Gradle documentation.

BUILD FAILED in 18s
7 actionable tasks: 1 executed, 6 up-to-date
2024-03-29T13:38:36.294-0300 [DEBUG] [org.gradle.launcher.daemon.server.exec.ExecuteBuild] The daemon has finished executing the build.
2024-03-29T13:38:36.312-0300 [DEBUG] [org.gradle.launcher.daemon.server.DaemonStateCoordinator] daemon is running. Sleeping until state changes.
2024-03-29T13:38:36.313-0300 [DEBUG] [org.gradle.launcher.daemon.server.DaemonStateCoordinator] Command execution: finished waiting for DaemonCommandExecution[command = Build{id=5e9f1074-29ab-42aa-b551-4aef172e5f94, currentDir=C:\Danillo\Projetos\unitfit\unitfit_training}, connection = DefaultDaemonConnection: socket connection from /127.0.0.1:51113 to /127.0.0.1:51114]. Result org.gradle.launcher.daemon.server.DaemonStateCoordinator@24295d21 with state Busy
2024-03-29T13:38:36.313-0300 [DEBUG] [org.gradle.launcher.daemon.server.DaemonStateCoordinator] Command execution: completed DaemonCommandExecution[command = Build{id=5e9f1074-29ab-42aa-b551-4aef172e5f94, currentDir=C:\Danillo\Projetos\unitfit\unitfit_training}, connection = DefaultDaemonConnection: socket connection from /127.0.0.1:51113 to /127.0.0.1:51114]
2024-03-29T13:38:36.313-0300 [DEBUG] [org.gradle.launcher.daemon.server.DaemonStateCoordinator] resetting idle timer
2024-03-29T13:38:36.314-0300 [INFO] [org.gradle.launcher.daemon.server.DaemonRegistryUpdater] Marking the daemon as idle, address: [2a42b088-7e03-48c7-b8e5-5f175bef7de7 port:51113, addresses:[localhost/127.0.0.1]]
2024-03-29T13:38:36.314-0300 [DEBUG] [org.gradle.launcher.daemon.registry.PersistentDaemonRegistry] Marking busy by address: [2a42b088-7e03-48c7-b8e5-5f175bef7de7 port:51113, addresses:[localhost/127.0.0.1]]
2024-03-29T13:38:36.316-0300 [DEBUG] [org.gradle.cache.internal.DefaultFileLockManager] Waiting to acquire exclusive lock on daemon addresses registry.
2024-03-29T13:38:36.317-0300 [DEBUG] [org.gradle.cache.internal.DefaultFileLockManager] Lock acquired on daemon addresses registry.
2024-03-29T13:38:36.319-0300 [DEBUG] [org.gradle.cache.internal.DefaultFileLockManager] Releasing lock on daemon addresses registry.
2024-03-29T13:38:36.320-0300 [DEBUG] [org.gradle.launcher.daemon.server.DaemonStateCoordinator] daemon is running. Sleeping until state changes.
2024-03-29T13:38:36.321-0300 [DEBUG] [org.gradle.launcher.daemon.server.exec.ReturnResult] Daemon is dispatching the build result: Success[value=org.gradle.launcher.exec.BuildActionResult@4f452cc8]
2024-03-29T13:38:36.321-0300 [DEBUG] [org.gradle.launcher.daemon.server.SynchronizedDispatchConnection] thread 32: dispatching Success[value=org.gradle.launcher.exec.BuildActionResult@4f452cc8]
2024-03-29T13:38:36.343-0300 [DEBUG] [org.gradle.launcher.daemon.server.DefaultIncomingConnectionHandler] Finishing executing command: Build{id=5e9f1074-29ab-42aa-b551-4aef172e5f94, currentDir=C:\Danillo\Projetos\unitfit\unitfit_training}
2024-03-29T13:38:36.358-0300 [DEBUG] [org.gradle.launcher.daemon.server.SynchronizedDispatchConnection] thread 33: received class org.gradle.launcher.daemon.protocol.CloseInput
2024-03-29T13:38:36.358-0300 [DEBUG] [org.gradle.launcher.daemon.server.DefaultDaemonConnection] thread 33: Received IO message from client: org.gradle.launcher.daemon.protocol.CloseInput@54f2ac80
2024-03-29T13:38:36.358-0300 [DEBUG] [org.gradle.launcher.daemon.server.SynchronizedDispatchConnection] thread 33: received class org.gradle.launcher.daemon.protocol.Finished
2024-03-29T13:38:36.359-0300 [DEBUG] [org.gradle.launcher.daemon.server.DefaultDaemonConnection] thread 33: Received non-IO message from client: org.gradle.launcher.daemon.protocol.Finished@601134d0
2024-03-29T13:38:36.359-0300 [DEBUG] [org.gradle.launcher.daemon.server.DefaultIncomingConnectionHandler] Received finished message: org.gradle.launcher.daemon.protocol.Finished@601134d0
2024-03-29T13:38:36.359-0300 [DEBUG] [org.gradle.internal.remote.internal.inet.SocketConnection] Discarding EOFException: java.io.EOFException
2024-03-29T13:38:36.360-0300 [DEBUG] [org.gradle.launcher.daemon.server.SynchronizedDispatchConnection] thread 32: stopping connection
2024-03-29T13:38:36.360-0300 [DEBUG] [org.gradle.launcher.daemon.server.SynchronizedDispatchConnection] thread 33: received null
2024-03-29T13:38:36.360-0300 [DEBUG] [org.gradle.launcher.daemon.server.DefaultDaemonConnection] thread 33: Received end-of-input from client.
2024-03-29T13:38:36.361-0300 [DEBUG] [org.gradle.launcher.daemon.server.SynchronizedDispatchConnection] thread 32: stopping connection
2024-03-29T13:38:39.959-0300 [DEBUG] [org.gradle.cache.internal.DefaultFileLockManager] Waiting to acquire shared lock on daemon addresses registry.
2024-03-29T13:38:39.959-0300 [DEBUG] [org.gradle.cache.internal.DefaultFileLockManager] Lock acquired on daemon addresses registry.
2024-03-29T13:38:39.959-0300 [DEBUG] [org.gradle.cache.internal.DefaultFileLockManager] Releasing lock on daemon addresses registry.
2024-03-29T13:38:39.961-0300 [DEBUG] [org.gradle.cache.internal.DefaultFileLockManager] Waiting to acquire shared lock on daemon addresses registry.
2024-03-29T13:38:39.961-0300 [DEBUG] [org.gradle.cache.internal.DefaultFileLockManager] Lock acquired on daemon addresses registry.
2024-03-29T13:38:39.962-0300 [DEBUG] [org.gradle.cache.internal.DefaultFileLockManager] Releasing lock on daemon addresses registry.
2024-03-29T13:38:49.958-0300 [DEBUG] [org.gradle.cache.internal.DefaultFileLockManager] Waiting to acquire shared lock on daemon addresses registry.
2024-03-29T13:38:49.958-0300 [DEBUG] [org.gradle.cache.internal.DefaultFileLockManager] Lock acquired on daemon addresses registry.
2024-03-29T13:38:49.959-0300 [DEBUG] [org.gradle.cache.internal.DefaultFileLockManager] Releasing lock on daemon addresses registry.
2024-03-29T13:38:49.960-0300 [DEBUG] [org.gradle.cache.internal.DefaultFileLockManager] Waiting to acquire shared lock on daemon addresses registry.
2024-03-29T13:38:49.961-0300 [DEBUG] [org.gradle.cache.internal.DefaultFileLockManager] Lock acquired on daemon addresses registry.
2024-03-29T13:38:49.961-0300 [DEBUG] [org.gradle.cache.internal.DefaultFileLockManager] Releasing lock on daemon addresses registry.
2024-03-29T13:38:49.962-0300 [DEBUG] [org.gradle.cache.internal.DefaultFileLockManager] Waiting to acquire shared lock on daemon addresses registry.
2024-03-29T13:38:49.963-0300 [DEBUG] [org.gradle.cache.internal.DefaultFileLockManager] Lock acquired on daemon addresses registry.
2024-03-29T13:38:49.963-0300 [DEBUG] [org.gradle.cache.internal.DefaultFileLockManager] Releasing lock on daemon addresses registry.
2024-03-29T13:38:59.959-0300 [DEBUG] [org.gradle.cache.internal.DefaultFileLockManager] Waiting to acquire shared lock on daemon addresses registry.
2024-03-29T13:38:59.959-0300 [DEBUG] [org.gradle.cache.internal.DefaultFileLockManager] Lock acquired on daemon addresses registry.
2024-03-29T13:38:59.960-0300 [DEBUG] [org.gradle.cache.internal.DefaultFileLockManager] Releasing lock on daemon addresses registry.
2024-03-29T13:38:59.961-0300 [DEBUG] [org.gradle.cache.internal.DefaultFileLockManager] Waiting to acquire shared lock on daemon addresses registry.
2024-03-29T13:38:59.962-0300 [DEBUG] [org.gradle.cache.internal.DefaultFileLockManager] Lock acquired on daemon addresses registry.
2024-03-29T13:38:59.962-0300 [DEBUG] [org.gradle.cache.internal.DefaultFileLockManager] Releasing lock on daemon addresses registry.
2024-03-29T13:38:59.964-0300 [DEBUG] [org.gradle.cache.internal.DefaultFileLockManager] Waiting to acquire shared lock on daemon addresses registry.
2024-03-29T13:38:59.964-0300 [DEBUG] [org.gradle.cache.internal.DefaultFileLockManager] Lock acquired on daemon addresses registry.
2024-03-29T13:38:59.965-0300 [DEBUG] [org.gradle.cache.internal.DefaultFileLockManager] Releasing lock on daemon addresses registry.
2024-03-29T13:39:09.964-0300 [DEBUG] [org.gradle.cache.internal.DefaultFileLockManager] Waiting to acquire shared lock on daemon addresses registry.
2024-03-29T13:39:09.964-0300 [DEBUG] [org.gradle.cache.internal.DefaultFileLockManager] Lock acquired on daemon addresses registry.
2024-03-29T13:39:09.965-0300 [DEBUG] [org.gradle.cache.internal.DefaultFileLockManager] Releasing lock on daemon addresses registry.
2024-03-29T13:39:09.969-0300 [DEBUG] [org.gradle.cache.internal.DefaultFileLockManager] Waiting to acquire shared lock on daemon addresses registry.
2024-03-29T13:39:09.970-0300 [DEBUG] [org.gradle.cache.internal.DefaultFileLockManager] Lock acquired on daemon addresses registry.
2024-03-29T13:39:09.971-0300 [DEBUG] [org.gradle.cache.internal.DefaultFileLockManager] Releasing lock on daemon addresses registry.
2024-03-29T13:39:09.974-0300 [DEBUG] [org.gradle.cache.internal.DefaultFileLockManager] Waiting to acquire shared lock on daemon addresses registry.
2024-03-29T13:39:09.975-0300 [DEBUG] [org.gradle.cache.internal.DefaultFileLockManager] Lock acquired on daemon addresses registry.
2024-03-29T13:39:09.975-0300 [DEBUG] [org.gradle.cache.internal.DefaultFileLockManager] Releasing lock on daemon addresses registry.
2024-03-29T13:39:19.965-0300 [DEBUG] [org.gradle.cache.internal.DefaultFileLockManager] Waiting to acquire shared lock on daemon addresses registry.
2024-03-29T13:39:19.966-0300 [DEBUG] [org.gradle.cache.internal.DefaultFileLockManager] Lock acquired on daemon addresses registry.
2024-03-29T13:39:19.966-0300 [DEBUG] [org.gradle.cache.internal.DefaultFileLockManager] Releasing lock on daemon addresses registry.
2024-03-29T13:39:19.968-0300 [DEBUG] [org.gradle.cache.internal.DefaultFileLockManager] Waiting to acquire shared lock on daemon addresses registry.
2024-03-29T13:39:19.969-0300 [DEBUG] [org.gradle.cache.internal.DefaultFileLockManager] Lock acquired on daemon addresses registry.
2024-03-29T13:39:19.969-0300 [DEBUG] [org.gradle.cache.internal.DefaultFileLockManager] Releasing lock on daemon addresses registry.
2024-03-29T13:39:19.971-0300 [DEBUG] [org.gradle.cache.internal.DefaultFileLockManager] Waiting to acquire shared lock on daemon addresses registry.
2024-03-29T13:39:19.971-0300 [DEBUG] [org.gradle.cache.internal.DefaultFileLockManager] Lock acquired on daemon addresses registry.
2024-03-29T13:39:19.971-0300 [DEBUG] [org.gradle.cache.internal.DefaultFileLockManager] Releasing lock on daemon addresses registry.
2024-03-29T13:39:29.962-0300 [DEBUG] [org.gradle.cache.internal.DefaultFileLockManager] Waiting to acquire shared lock on daemon addresses registry.
2024-03-29T13:39:29.962-0300 [DEBUG] [org.gradle.cache.internal.DefaultFileLockManager] Lock acquired on daemon addresses registry.
2024-03-29T13:39:29.962-0300 [DEBUG] [org.gradle.cache.internal.DefaultFileLockManager] Releasing lock on daemon addresses registry.
2024-03-29T13:39:29.964-0300 [DEBUG] [org.gradle.cache.internal.DefaultFileLockManager] Waiting to acquire shared lock on daemon addresses registry.
2024-03-29T13:39:29.965-0300 [DEBUG] [org.gradle.cache.internal.DefaultFileLockManager] Lock acquired on daemon addresses registry.
2024-03-29T13:39:29.965-0300 [DEBUG] [org.gradle.cache.internal.DefaultFileLockManager] Releasing lock on daemon addresses registry.
2024-03-29T13:39:29.967-0300 [DEBUG] [org.gradle.cache.internal.DefaultFileLockManager] Waiting to acquire shared lock on daemon addresses registry.
2024-03-29T13:39:29.968-0300 [DEBUG] [org.gradle.cache.internal.DefaultFileLockManager] Lock acquired on daemon addresses registry.
2024-03-29T13:39:29.968-0300 [DEBUG] [org.gradle.cache.internal.DefaultFileLockManager] Releasing lock on daemon addresses registry.
2024-03-29T13:39:39.954-0300 [DEBUG] [org.gradle.cache.internal.DefaultFileLockManager] Waiting to acquire shared lock on daemon addresses registry.
2024-03-29T13:39:39.955-0300 [DEBUG] [org.gradle.cache.internal.DefaultFileLockManager] Lock acquired on daemon addresses registry.
2024-03-29T13:39:39.955-0300 [DEBUG] [org.gradle.cache.internal.DefaultFileLockManager] Releasing lock on daemon addresses registry.
2024-03-29T13:39:39.956-0300 [DEBUG] [org.gradle.cache.internal.DefaultFileLockManager] Waiting to acquire shared lock on daemon addresses registry.
2024-03-29T13:39:39.957-0300 [DEBUG] [org.gradle.cache.internal.DefaultFileLockManager] Lock acquired on daemon addresses registry.
2024-03-29T13:39:39.957-0300 [DEBUG] [org.gradle.cache.internal.DefaultFileLockManager] Releasing lock on daemon addresses registry.
2024-03-29T13:39:39.958-0300 [DEBUG] [org.gradle.cache.internal.DefaultFileLockManager] Waiting to acquire shared lock on daemon addresses registry.
2024-03-29T13:39:39.958-0300 [DEBUG] [org.gradle.cache.internal.DefaultFileLockManager] Lock acquired on daemon addresses registry.
2024-03-29T13:39:39.958-0300 [DEBUG] [org.gradle.cache.internal.DefaultFileLockManager] Releasing lock on daemon addresses registry.
2024-03-29T13:39:49.952-0300 [DEBUG] [org.gradle.cache.internal.DefaultFileLockManager] Waiting to acquire shared lock on daemon addresses registry.
2024-03-29T13:39:49.952-0300 [DEBUG] [org.gradle.cache.internal.DefaultFileLockManager] Lock acquired on daemon addresses registry.
2024-03-29T13:39:49.953-0300 [DEBUG] [org.gradle.cache.internal.DefaultFileLockManager] Releasing lock on daemon addresses registry.
2024-03-29T13:39:49.954-0300 [DEBUG] [org.gradle.cache.internal.DefaultFileLockManager] Waiting to acquire shared lock on daemon addresses registry.
2024-03-29T13:39:49.954-0300 [DEBUG] [org.gradle.cache.internal.DefaultFileLockManager] Lock acquired on daemon addresses registry.
2024-03-29T13:39:49.954-0300 [DEBUG] [org.gradle.cache.internal.DefaultFileLockManager] Releasing lock on daemon addresses registry.
2024-03-29T13:39:49.955-0300 [DEBUG] [org.gradle.cache.internal.DefaultFileLockManager] Waiting to acquire shared lock on daemon addresses registry.
2024-03-29T13:39:49.955-0300 [DEBUG] [org.gradle.cache.internal.DefaultFileLockManager] Lock acquired on daemon addresses registry.
2024-03-29T13:39:49.956-0300 [DEBUG] [org.gradle.cache.internal.DefaultFileLockManager] Releasing lock on daemon addresses registry.
2024-03-29T13:39:59.959-0300 [DEBUG] [org.gradle.cache.internal.DefaultFileLockManager] Waiting to acquire shared lock on daemon addresses registry.
2024-03-29T13:39:59.959-0300 [DEBUG] [org.gradle.cache.internal.DefaultFileLockManager] Lock acquired on daemon addresses registry.
2024-03-29T13:39:59.960-0300 [DEBUG] [org.gradle.cache.internal.DefaultFileLockManager] Releasing lock on daemon addresses registry.
2024-03-29T13:39:59.964-0300 [DEBUG] [org.gradle.cache.internal.DefaultFileLockManager] Waiting to acquire shared lock on daemon addresses registry.
2024-03-29T13:39:59.964-0300 [DEBUG] [org.gradle.cache.internal.DefaultFileLockManager] Lock acquired on daemon addresses registry.
2024-03-29T13:39:59.964-0300 [DEBUG] [org.gradle.cache.internal.DefaultFileLockManager] Releasing lock on daemon addresses registry.
2024-03-29T13:39:59.970-0300 [DEBUG] [org.gradle.cache.internal.DefaultFileLockManager] Waiting to acquire shared lock on daemon addresses registry.
2024-03-29T13:39:59.971-0300 [DEBUG] [org.gradle.cache.internal.DefaultFileLockManager] Lock acquired on daemon addresses registry.
2024-03-29T13:39:59.971-0300 [DEBUG] [org.gradle.cache.internal.DefaultFileLockManager] Releasing lock on daemon addresses registry.
2024-03-29T13:40:05.265-0300 [DEBUG] [org.gradle.internal.remote.internal.inet.TcpIncomingConnector] Accepted connection from /127.0.0.1:51182 to /127.0.0.1:51113.
2024-03-29T13:40:05.270-0300 [DEBUG] [org.gradle.launcher.daemon.server.SynchronizedDispatchConnection] thread 170: received class org.gradle.launcher.daemon.protocol.Build
2024-03-29T13:40:05.270-0300 [DEBUG] [org.gradle.launcher.daemon.server.DefaultDaemonConnection] thread 170: Received non-IO message from client: Build{id=57c79136-315b-482c-8bbf-e2428ff25b93, currentDir=C:\Danillo\Projetos\unitfit\unitfit_training}
2024-03-29T13:40:05.270-0300 [INFO] [org.gradle.launcher.daemon.server.DefaultIncomingConnectionHandler] Received command: Build{id=57c79136-315b-482c-8bbf-e2428ff25b93, currentDir=C:\Danillo\Projetos\unitfit\unitfit_training}.
2024-03-29T13:40:05.271-0300 [DEBUG] [org.gradle.launcher.daemon.server.DefaultIncomingConnectionHandler] Starting executing command: Build{id=57c79136-315b-482c-8bbf-e2428ff25b93, currentDir=C:\Danillo\Projetos\unitfit\unitfit_training} with connection: socket connection from /127.0.0.1:51113 to /127.0.0.1:51182.
2024-03-29T13:40:05.271-0300 [DEBUG] [org.gradle.launcher.daemon.server.DaemonStateCoordinator] Command execution: started DaemonCommandExecution[command = Build{id=57c79136-315b-482c-8bbf-e2428ff25b93, currentDir=C:\Danillo\Projetos\unitfit\unitfit_training}, connection = DefaultDaemonConnection: socket connection from /127.0.0.1:51113 to /127.0.0.1:51182] after 1.0 minutes of idle
2024-03-29T13:40:05.271-0300 [INFO] [org.gradle.launcher.daemon.server.DaemonRegistryUpdater] Marking the daemon as busy, address: [2a42b088-7e03-48c7-b8e5-5f175bef7de7 port:51113, addresses:[localhost/127.0.0.1]]
2024-03-29T13:40:05.271-0300 [DEBUG] [org.gradle.launcher.daemon.registry.PersistentDaemonRegistry] Marking busy by address: [2a42b088-7e03-48c7-b8e5-5f175bef7de7 port:51113, addresses:[localhost/127.0.0.1]]
2024-03-29T13:40:05.272-0300 [DEBUG] [org.gradle.cache.internal.DefaultFileLockManager] Waiting to acquire exclusive lock on daemon addresses registry.
2024-03-29T13:40:05.273-0300 [DEBUG] [org.gradle.cache.internal.DefaultFileLockManager] Lock acquired on daemon addresses registry.
2024-03-29T13:40:05.274-0300 [DEBUG] [org.gradle.cache.internal.DefaultFileLockManager] Releasing lock on daemon addresses registry.
2024-03-29T13:40:05.274-0300 [DEBUG] [org.gradle.launcher.daemon.server.DaemonStateCoordinator] resetting idle timer
2024-03-29T13:40:05.274-0300 [DEBUG] [org.gradle.launcher.daemon.server.DaemonStateCoordinator] daemon is running. Sleeping until state changes.
2024-03-29T13:40:05.275-0300 [INFO] [org.gradle.launcher.daemon.server.exec.StartBuildOrRespondWithBusy] Daemon is about to start building Build{id=57c79136-315b-482c-8bbf-e2428ff25b93, currentDir=C:\Danillo\Projetos\unitfit\unitfit_training}. Dispatching build started information...
2024-03-29T13:40:05.275-0300 [DEBUG] [org.gradle.launcher.daemon.server.SynchronizedDispatchConnection] thread 172: dispatching org.gradle.launcher.daemon.protocol.BuildStarted@49237bdf
2024-03-29T13:40:05.275-0300 [DEBUG] [org.gradle.launcher.daemon.server.exec.EstablishBuildEnvironment] Configuring env variables: [USERDOMAIN_ROAMINGPROFILE, PROCESSOR_LEVEL, SESSIONNAME, ALLUSERSPROFILE, INTEL_DEV_REDIST, PROCESSOR_ARCHITECTURE, MIC_LD_LIBRARY_PATH, PSModulePath, SystemDrive, USERNAME, ProgramFiles(x86), PYTHONPATH, PATHEXT, DriverData, OneDriveConsumer, IntelliJ IDEA Community Edition, GOPATH, ProgramData, ProgramW6432, HOMEPATH, PROCESSOR_IDENTIFIER, M2_HOME, ProgramFiles, PUBLIC, windir, =::, ZES_ENABLE_SYSMAN, LOCALAPPDATA, USERDOMAIN, LOGONSERVER, JAVA_HOME, OneDrive, APPDATA, CommonProgramFiles, Path, OS, COMPUTERNAME, PROCESSOR_REVISION, CommonProgramW6432, ComSpec, TEMP, SystemRoot, HOMEDRIVE, USERPROFILE, TMP, CommonProgramFiles(x86), EFC_9244, NUMBER_OF_PROCESSORS, IDEA_INITIAL_DIRECTORY]
2024-03-29T13:40:05.277-0300 [DEBUG] [org.gradle.launcher.daemon.server.exec.LogToClient] About to start relaying all logs to the client via the connection.
2024-03-29T13:40:05.277-0300 [INFO] [org.gradle.launcher.daemon.server.exec.LogToClient] The client will now receive all logging from the daemon (pid: 18032). The daemon log file: C:\Danillo\Projetos\unitfit\unitfit_training\training\gradle\wrapper\daemon\8.6\daemon-18032.out.log
2024-03-29T13:40:05.278-0300 [INFO] [org.gradle.launcher.daemon.server.exec.LogAndCheckHealth] Starting 2nd build in daemon [uptime: 1 mins 45.684 secs, performance: 100%, GC rate: 0.00/s, heap usage: 0% of 512 MiB, non-heap usage: 16% of 384 MiB]
2024-03-29T13:40:05.278-0300 [DEBUG] [org.gradle.launcher.daemon.server.exec.ExecuteBuild] The daemon has started executing the build.
2024-03-29T13:40:05.279-0300 [DEBUG] [org.gradle.launcher.daemon.server.exec.ExecuteBuild] Executing build with daemon context: DefaultDaemonContext[uid=4c01192d-f8f2-45f5-b1a5-a2ddcb809583,javaHome=C:\Users\iara-\.jdks\openjdk-21.0.2,daemonRegistryDir=C:\Danillo\Projetos\unitfit\unitfit_training\training\gradle\wrapper\daemon,pid=18032,idleTimeout=10800000,priority=NORMAL,applyInstrumentationAgent=true,daemonOpts=--add-opens=java.base/java.util=ALL-UNNAMED,--add-opens=java.base/java.lang=ALL-UNNAMED,--add-opens=java.base/java.lang.invoke=ALL-UNNAMED,--add-opens=java.prefs/java.util.prefs=ALL-UNNAMED,--add-opens=java.base/java.nio.charset=ALL-UNNAMED,--add-opens=java.base/java.net=ALL-UNNAMED,--add-opens=java.base/java.util.concurrent.atomic=ALL-UNNAMED,-XX:MaxMetaspaceSize=384m,-XX:+HeapDumpOnOutOfMemoryError,-Xms256m,-Xmx512m,-Dfile.encoding=windows-1252,-Duser.country=BR,-Duser.language=pt,-Duser.variant]

BUILD SUCCESSFUL in 223ms
1 actionable task: 1 executed
2024-03-29T13:40:05.500-0300 [DEBUG] [org.gradle.launcher.daemon.server.exec.ExecuteBuild] The daemon has finished executing the build.
2024-03-29T13:40:05.502-0300 [DEBUG] [org.gradle.launcher.daemon.server.DaemonStateCoordinator] daemon is running. Sleeping until state changes.
2024-03-29T13:40:05.502-0300 [DEBUG] [org.gradle.launcher.daemon.server.DaemonStateCoordinator] Command execution: finished waiting for DaemonCommandExecution[command = Build{id=57c79136-315b-482c-8bbf-e2428ff25b93, currentDir=C:\Danillo\Projetos\unitfit\unitfit_training}, connection = DefaultDaemonConnection: socket connection from /127.0.0.1:51113 to /127.0.0.1:51182]. Result org.gradle.launcher.daemon.server.DaemonStateCoordinator@24295d21 with state Busy
2024-03-29T13:40:05.502-0300 [DEBUG] [org.gradle.launcher.daemon.server.DaemonStateCoordinator] Command execution: completed DaemonCommandExecution[command = Build{id=57c79136-315b-482c-8bbf-e2428ff25b93, currentDir=C:\Danillo\Projetos\unitfit\unitfit_training}, connection = DefaultDaemonConnection: socket connection from /127.0.0.1:51113 to /127.0.0.1:51182]
2024-03-29T13:40:05.503-0300 [DEBUG] [org.gradle.launcher.daemon.server.DaemonStateCoordinator] resetting idle timer
2024-03-29T13:40:05.503-0300 [INFO] [org.gradle.launcher.daemon.server.DaemonRegistryUpdater] Marking the daemon as idle, address: [2a42b088-7e03-48c7-b8e5-5f175bef7de7 port:51113, addresses:[localhost/127.0.0.1]]
2024-03-29T13:40:05.503-0300 [DEBUG] [org.gradle.launcher.daemon.registry.PersistentDaemonRegistry] Marking busy by address: [2a42b088-7e03-48c7-b8e5-5f175bef7de7 port:51113, addresses:[localhost/127.0.0.1]]
2024-03-29T13:40:05.504-0300 [DEBUG] [org.gradle.cache.internal.DefaultFileLockManager] Waiting to acquire exclusive lock on daemon addresses registry.
2024-03-29T13:40:05.505-0300 [DEBUG] [org.gradle.cache.internal.DefaultFileLockManager] Lock acquired on daemon addresses registry.
2024-03-29T13:40:05.509-0300 [DEBUG] [org.gradle.cache.internal.DefaultFileLockManager] Releasing lock on daemon addresses registry.
2024-03-29T13:40:05.509-0300 [DEBUG] [org.gradle.launcher.daemon.server.DaemonStateCoordinator] daemon is running. Sleeping until state changes.
2024-03-29T13:40:05.509-0300 [DEBUG] [org.gradle.launcher.daemon.server.exec.ReturnResult] Daemon is dispatching the build result: Success[value=org.gradle.launcher.exec.BuildActionResult@d35e091]
2024-03-29T13:40:05.510-0300 [DEBUG] [org.gradle.launcher.daemon.server.SynchronizedDispatchConnection] thread 169: dispatching Success[value=org.gradle.launcher.exec.BuildActionResult@d35e091]
2024-03-29T13:40:05.510-0300 [DEBUG] [org.gradle.launcher.daemon.server.DefaultIncomingConnectionHandler] Finishing executing command: Build{id=57c79136-315b-482c-8bbf-e2428ff25b93, currentDir=C:\Danillo\Projetos\unitfit\unitfit_training}
2024-03-29T13:40:05.510-0300 [DEBUG] [org.gradle.launcher.daemon.server.SynchronizedDispatchConnection] thread 170: received class org.gradle.launcher.daemon.protocol.CloseInput
2024-03-29T13:40:05.511-0300 [DEBUG] [org.gradle.launcher.daemon.server.DefaultDaemonConnection] thread 170: Received IO message from client: org.gradle.launcher.daemon.protocol.CloseInput@37aaf77a
2024-03-29T13:40:05.511-0300 [DEBUG] [org.gradle.launcher.daemon.server.SynchronizedDispatchConnection] thread 170: received class org.gradle.launcher.daemon.protocol.Finished
2024-03-29T13:40:05.511-0300 [DEBUG] [org.gradle.launcher.daemon.server.DefaultDaemonConnection] thread 170: Received non-IO message from client: org.gradle.launcher.daemon.protocol.Finished@396d1fff
2024-03-29T13:40:05.512-0300 [DEBUG] [org.gradle.launcher.daemon.server.DefaultIncomingConnectionHandler] Received finished message: org.gradle.launcher.daemon.protocol.Finished@396d1fff
2024-03-29T13:40:05.512-0300 [DEBUG] [org.gradle.internal.remote.internal.inet.SocketConnection] Discarding EOFException: java.io.EOFException
2024-03-29T13:40:05.513-0300 [DEBUG] [org.gradle.launcher.daemon.server.SynchronizedDispatchConnection] thread 169: stopping connection
2024-03-29T13:40:05.513-0300 [DEBUG] [org.gradle.launcher.daemon.server.SynchronizedDispatchConnection] thread 170: received null
2024-03-29T13:40:05.513-0300 [DEBUG] [org.gradle.launcher.daemon.server.DefaultDaemonConnection] thread 170: Received end-of-input from client.
2024-03-29T13:40:05.514-0300 [DEBUG] [org.gradle.launcher.daemon.server.SynchronizedDispatchConnection] thread 169: stopping connection
2024-03-29T13:40:07.612-0300 [DEBUG] [org.gradle.internal.remote.internal.inet.TcpIncomingConnector] Accepted connection from /127.0.0.1:51183 to /127.0.0.1:51113.
2024-03-29T13:40:07.630-0300 [DEBUG] [org.gradle.launcher.daemon.server.SynchronizedDispatchConnection] thread 198: received class org.gradle.launcher.daemon.protocol.Build
2024-03-29T13:40:07.630-0300 [DEBUG] [org.gradle.launcher.daemon.server.DefaultDaemonConnection] thread 198: Received non-IO message from client: Build{id=f2876681-5aa8-4bc2-9d11-d1778f97ade2, currentDir=C:\Danillo\Projetos\unitfit\unitfit_training}
2024-03-29T13:40:07.631-0300 [INFO] [org.gradle.launcher.daemon.server.DefaultIncomingConnectionHandler] Received command: Build{id=f2876681-5aa8-4bc2-9d11-d1778f97ade2, currentDir=C:\Danillo\Projetos\unitfit\unitfit_training}.
2024-03-29T13:40:07.631-0300 [DEBUG] [org.gradle.launcher.daemon.server.DefaultIncomingConnectionHandler] Starting executing command: Build{id=f2876681-5aa8-4bc2-9d11-d1778f97ade2, currentDir=C:\Danillo\Projetos\unitfit\unitfit_training} with connection: socket connection from /127.0.0.1:51113 to /127.0.0.1:51183.
2024-03-29T13:40:07.632-0300 [DEBUG] [org.gradle.launcher.daemon.server.DaemonStateCoordinator] Command execution: started DaemonCommandExecution[command = Build{id=f2876681-5aa8-4bc2-9d11-d1778f97ade2, currentDir=C:\Danillo\Projetos\unitfit\unitfit_training}, connection = DefaultDaemonConnection: socket connection from /127.0.0.1:51113 to /127.0.0.1:51183] after 0.0 minutes of idle
2024-03-29T13:40:07.632-0300 [INFO] [org.gradle.launcher.daemon.server.DaemonRegistryUpdater] Marking the daemon as busy, address: [2a42b088-7e03-48c7-b8e5-5f175bef7de7 port:51113, addresses:[localhost/127.0.0.1]]
2024-03-29T13:40:07.632-0300 [DEBUG] [org.gradle.launcher.daemon.registry.PersistentDaemonRegistry] Marking busy by address: [2a42b088-7e03-48c7-b8e5-5f175bef7de7 port:51113, addresses:[localhost/127.0.0.1]]
2024-03-29T13:40:07.637-0300 [DEBUG] [org.gradle.cache.internal.DefaultFileLockManager] Waiting to acquire exclusive lock on daemon addresses registry.
2024-03-29T13:40:07.638-0300 [DEBUG] [org.gradle.cache.internal.DefaultFileLockManager] Lock acquired on daemon addresses registry.
2024-03-29T13:40:07.644-0300 [DEBUG] [org.gradle.cache.internal.DefaultFileLockManager] Releasing lock on daemon addresses registry.
2024-03-29T13:40:07.645-0300 [DEBUG] [org.gradle.launcher.daemon.server.DaemonStateCoordinator] resetting idle timer
2024-03-29T13:40:07.645-0300 [DEBUG] [org.gradle.launcher.daemon.server.DaemonStateCoordinator] daemon is running. Sleeping until state changes.
2024-03-29T13:40:07.648-0300 [INFO] [org.gradle.launcher.daemon.server.exec.StartBuildOrRespondWithBusy] Daemon is about to start building Build{id=f2876681-5aa8-4bc2-9d11-d1778f97ade2, currentDir=C:\Danillo\Projetos\unitfit\unitfit_training}. Dispatching build started information...
2024-03-29T13:40:07.649-0300 [DEBUG] [org.gradle.launcher.daemon.server.SynchronizedDispatchConnection] thread 172: dispatching org.gradle.launcher.daemon.protocol.BuildStarted@1ebb8386
2024-03-29T13:40:07.652-0300 [DEBUG] [org.gradle.launcher.daemon.server.exec.EstablishBuildEnvironment] Configuring env variables: [USERDOMAIN_ROAMINGPROFILE, PROCESSOR_LEVEL, SESSIONNAME, ALLUSERSPROFILE, INTEL_DEV_REDIST, PROCESSOR_ARCHITECTURE, MIC_LD_LIBRARY_PATH, PSModulePath, SystemDrive, USERNAME, ProgramFiles(x86), PYTHONPATH, PATHEXT, DriverData, OneDriveConsumer, IntelliJ IDEA Community Edition, GOPATH, ProgramData, ProgramW6432, HOMEPATH, PROCESSOR_IDENTIFIER, M2_HOME, ProgramFiles, PUBLIC, windir, =::, ZES_ENABLE_SYSMAN, LOCALAPPDATA, USERDOMAIN, LOGONSERVER, JAVA_HOME, OneDrive, APPDATA, CommonProgramFiles, Path, OS, COMPUTERNAME, PROCESSOR_REVISION, CommonProgramW6432, ComSpec, TEMP, SystemRoot, HOMEDRIVE, USERPROFILE, TMP, CommonProgramFiles(x86), EFC_9244, NUMBER_OF_PROCESSORS, IDEA_INITIAL_DIRECTORY]
2024-03-29T13:40:07.656-0300 [DEBUG] [org.gradle.launcher.daemon.server.exec.LogToClient] About to start relaying all logs to the client via the connection.
2024-03-29T13:40:07.657-0300 [INFO] [org.gradle.launcher.daemon.server.exec.LogToClient] The client will now receive all logging from the daemon (pid: 18032). The daemon log file: C:\Danillo\Projetos\unitfit\unitfit_training\training\gradle\wrapper\daemon\8.6\daemon-18032.out.log
2024-03-29T13:40:07.657-0300 [INFO] [org.gradle.launcher.daemon.server.exec.LogAndCheckHealth] Starting 3rd build in daemon [uptime: 1 mins 48.064 secs, performance: 100%, GC rate: 0.00/s, heap usage: 0% of 512 MiB, non-heap usage: 16% of 384 MiB]
2024-03-29T13:40:07.659-0300 [DEBUG] [org.gradle.launcher.daemon.server.exec.ExecuteBuild] The daemon has started executing the build.
2024-03-29T13:40:07.659-0300 [DEBUG] [org.gradle.launcher.daemon.server.exec.ExecuteBuild] Executing build with daemon context: DefaultDaemonContext[uid=4c01192d-f8f2-45f5-b1a5-a2ddcb809583,javaHome=C:\Users\iara-\.jdks\openjdk-21.0.2,daemonRegistryDir=C:\Danillo\Projetos\unitfit\unitfit_training\training\gradle\wrapper\daemon,pid=18032,idleTimeout=10800000,priority=NORMAL,applyInstrumentationAgent=true,daemonOpts=--add-opens=java.base/java.util=ALL-UNNAMED,--add-opens=java.base/java.lang=ALL-UNNAMED,--add-opens=java.base/java.lang.invoke=ALL-UNNAMED,--add-opens=java.prefs/java.util.prefs=ALL-UNNAMED,--add-opens=java.base/java.nio.charset=ALL-UNNAMED,--add-opens=java.base/java.net=ALL-UNNAMED,--add-opens=java.base/java.util.concurrent.atomic=ALL-UNNAMED,-XX:MaxMetaspaceSize=384m,-XX:+HeapDumpOnOutOfMemoryError,-Xms256m,-Xmx512m,-Dfile.encoding=windows-1252,-Duser.country=BR,-Duser.language=pt,-Duser.variant]

TrainingApplicationTests > modulesVerify() FAILED
    java.lang.IllegalStateException at DefaultCacheAwareContextLoaderDelegate.java:180
        Caused by: org.springframework.beans.factory.BeanCreationException at AbstractAutowireCapableBeanFactory.java:1786
            Caused by: liquibase.exception.DatabaseException at SpringLiquibase.java:288
                Caused by: org.postgresql.util.PSQLException at ConnectionFactoryImpl.java:342
                    Caused by: java.net.ConnectException at Net.java:-2

TrainingApplicationTests > modulesPrinter() FAILED
    java.lang.IllegalStateException at DefaultCacheAwareContextLoaderDelegate.java:145

2 tests completed, 2 failed

FAILURE: Build failed with an exception.

* What went wrong:
Execution failed for task ':test'.
> There were failing tests. See the report at: file:///C:/Danillo/Projetos/unitfit/unitfit_training/build/reports/tests/test/index.html

* Try:
> Run with --scan to get full insights.

Deprecated Gradle features were used in this build, making it incompatible with Gradle 9.0.

You can use '--warning-mode all' to show the individual deprecation warnings and determine if they come from your own scripts or plugins.

For more on this, please refer to https://docs.gradle.org/8.6/userguide/command_line_interface.html#sec:command_line_warnings in the Gradle documentation.

BUILD FAILED in 14s
7 actionable tasks: 7 executed
2024-03-29T13:40:21.651-0300 [DEBUG] [org.gradle.launcher.daemon.server.exec.ExecuteBuild] The daemon has finished executing the build.
2024-03-29T13:40:21.653-0300 [DEBUG] [org.gradle.launcher.daemon.server.DaemonStateCoordinator] daemon is running. Sleeping until state changes.
2024-03-29T13:40:21.653-0300 [DEBUG] [org.gradle.launcher.daemon.server.DaemonStateCoordinator] Command execution: finished waiting for DaemonCommandExecution[command = Build{id=f2876681-5aa8-4bc2-9d11-d1778f97ade2, currentDir=C:\Danillo\Projetos\unitfit\unitfit_training}, connection = DefaultDaemonConnection: socket connection from /127.0.0.1:51113 to /127.0.0.1:51183]. Result org.gradle.launcher.daemon.server.DaemonStateCoordinator@24295d21 with state Busy
2024-03-29T13:40:21.654-0300 [DEBUG] [org.gradle.launcher.daemon.server.DaemonStateCoordinator] Command execution: completed DaemonCommandExecution[command = Build{id=f2876681-5aa8-4bc2-9d11-d1778f97ade2, currentDir=C:\Danillo\Projetos\unitfit\unitfit_training}, connection = DefaultDaemonConnection: socket connection from /127.0.0.1:51113 to /127.0.0.1:51183]
2024-03-29T13:40:21.654-0300 [DEBUG] [org.gradle.launcher.daemon.server.DaemonStateCoordinator] resetting idle timer
2024-03-29T13:40:21.654-0300 [INFO] [org.gradle.launcher.daemon.server.DaemonRegistryUpdater] Marking the daemon as idle, address: [2a42b088-7e03-48c7-b8e5-5f175bef7de7 port:51113, addresses:[localhost/127.0.0.1]]
2024-03-29T13:40:21.654-0300 [DEBUG] [org.gradle.launcher.daemon.registry.PersistentDaemonRegistry] Marking busy by address: [2a42b088-7e03-48c7-b8e5-5f175bef7de7 port:51113, addresses:[localhost/127.0.0.1]]
2024-03-29T13:40:21.656-0300 [DEBUG] [org.gradle.cache.internal.DefaultFileLockManager] Waiting to acquire exclusive lock on daemon addresses registry.
2024-03-29T13:40:21.657-0300 [DEBUG] [org.gradle.cache.internal.DefaultFileLockManager] Lock acquired on daemon addresses registry.
2024-03-29T13:40:21.658-0300 [DEBUG] [org.gradle.cache.internal.DefaultFileLockManager] Releasing lock on daemon addresses registry.
2024-03-29T13:40:21.659-0300 [DEBUG] [org.gradle.launcher.daemon.server.DaemonStateCoordinator] daemon is running. Sleeping until state changes.
2024-03-29T13:40:21.659-0300 [DEBUG] [org.gradle.launcher.daemon.server.exec.ReturnResult] Daemon is dispatching the build result: Success[value=org.gradle.launcher.exec.BuildActionResult@571af777]
2024-03-29T13:40:21.659-0300 [DEBUG] [org.gradle.launcher.daemon.server.SynchronizedDispatchConnection] thread 169: dispatching Success[value=org.gradle.launcher.exec.BuildActionResult@571af777]
2024-03-29T13:40:21.660-0300 [DEBUG] [org.gradle.launcher.daemon.server.DefaultIncomingConnectionHandler] Finishing executing command: Build{id=f2876681-5aa8-4bc2-9d11-d1778f97ade2, currentDir=C:\Danillo\Projetos\unitfit\unitfit_training}
2024-03-29T13:40:21.663-0300 [DEBUG] [org.gradle.launcher.daemon.server.SynchronizedDispatchConnection] thread 198: received class org.gradle.launcher.daemon.protocol.CloseInput
2024-03-29T13:40:21.663-0300 [DEBUG] [org.gradle.launcher.daemon.server.DefaultDaemonConnection] thread 198: Received IO message from client: org.gradle.launcher.daemon.protocol.CloseInput@4093bdff
2024-03-29T13:40:21.664-0300 [DEBUG] [org.gradle.launcher.daemon.server.SynchronizedDispatchConnection] thread 198: received class org.gradle.launcher.daemon.protocol.Finished
2024-03-29T13:40:21.664-0300 [DEBUG] [org.gradle.launcher.daemon.server.DefaultDaemonConnection] thread 198: Received non-IO message from client: org.gradle.launcher.daemon.protocol.Finished@4e545b9d
2024-03-29T13:40:21.664-0300 [DEBUG] [org.gradle.launcher.daemon.server.DefaultIncomingConnectionHandler] Received finished message: org.gradle.launcher.daemon.protocol.Finished@4e545b9d
2024-03-29T13:40:21.664-0300 [DEBUG] [org.gradle.internal.remote.internal.inet.SocketConnection] Discarding EOFException: java.io.EOFException
2024-03-29T13:40:21.665-0300 [DEBUG] [org.gradle.launcher.daemon.server.SynchronizedDispatchConnection] thread 198: received null
2024-03-29T13:40:21.665-0300 [DEBUG] [org.gradle.launcher.daemon.server.DefaultDaemonConnection] thread 198: Received end-of-input from client.
2024-03-29T13:40:21.665-0300 [DEBUG] [org.gradle.launcher.daemon.server.SynchronizedDispatchConnection] thread 169: stopping connection
2024-03-29T13:40:21.666-0300 [DEBUG] [org.gradle.launcher.daemon.server.SynchronizedDispatchConnection] thread 169: stopping connection
2024-03-29T13:40:29.959-0300 [DEBUG] [org.gradle.cache.internal.DefaultFileLockManager] Waiting to acquire shared lock on daemon addresses registry.
2024-03-29T13:40:29.960-0300 [DEBUG] [org.gradle.cache.internal.DefaultFileLockManager] Lock acquired on daemon addresses registry.
2024-03-29T13:40:29.960-0300 [DEBUG] [org.gradle.cache.internal.DefaultFileLockManager] Releasing lock on daemon addresses registry.
2024-03-29T13:40:29.961-0300 [DEBUG] [org.gradle.cache.internal.DefaultFileLockManager] Waiting to acquire shared lock on daemon addresses registry.
2024-03-29T13:40:29.961-0300 [DEBUG] [org.gradle.cache.internal.DefaultFileLockManager] Lock acquired on daemon addresses registry.
2024-03-29T13:40:29.961-0300 [DEBUG] [org.gradle.cache.internal.DefaultFileLockManager] Releasing lock on daemon addresses registry.
2024-03-29T13:40:32.437-0300 [DEBUG] [org.gradle.internal.remote.internal.inet.TcpIncomingConnector] Accepted connection from /127.0.0.1:51191 to /127.0.0.1:51113.
2024-03-29T13:40:32.452-0300 [DEBUG] [org.gradle.launcher.daemon.server.SynchronizedDispatchConnection] thread 320: received class org.gradle.launcher.daemon.protocol.Build
2024-03-29T13:40:32.452-0300 [DEBUG] [org.gradle.launcher.daemon.server.DefaultDaemonConnection] thread 320: Received non-IO message from client: Build{id=d1091cb0-7bf0-4f00-b1a4-a433b94aa6dd, currentDir=C:\Danillo\Projetos\unitfit\unitfit_training}
2024-03-29T13:40:32.453-0300 [INFO] [org.gradle.launcher.daemon.server.DefaultIncomingConnectionHandler] Received command: Build{id=d1091cb0-7bf0-4f00-b1a4-a433b94aa6dd, currentDir=C:\Danillo\Projetos\unitfit\unitfit_training}.
2024-03-29T13:40:32.453-0300 [DEBUG] [org.gradle.launcher.daemon.server.DefaultIncomingConnectionHandler] Starting executing command: Build{id=d1091cb0-7bf0-4f00-b1a4-a433b94aa6dd, currentDir=C:\Danillo\Projetos\unitfit\unitfit_training} with connection: socket connection from /127.0.0.1:51113 to /127.0.0.1:51191.
2024-03-29T13:40:32.455-0300 [DEBUG] [org.gradle.launcher.daemon.server.DaemonStateCoordinator] Command execution: started DaemonCommandExecution[command = Build{id=d1091cb0-7bf0-4f00-b1a4-a433b94aa6dd, currentDir=C:\Danillo\Projetos\unitfit\unitfit_training}, connection = DefaultDaemonConnection: socket connection from /127.0.0.1:51113 to /127.0.0.1:51191] after 0.0 minutes of idle
2024-03-29T13:40:32.455-0300 [INFO] [org.gradle.launcher.daemon.server.DaemonRegistryUpdater] Marking the daemon as busy, address: [2a42b088-7e03-48c7-b8e5-5f175bef7de7 port:51113, addresses:[localhost/127.0.0.1]]
2024-03-29T13:40:32.456-0300 [DEBUG] [org.gradle.launcher.daemon.registry.PersistentDaemonRegistry] Marking busy by address: [2a42b088-7e03-48c7-b8e5-5f175bef7de7 port:51113, addresses:[localhost/127.0.0.1]]
2024-03-29T13:40:32.459-0300 [DEBUG] [org.gradle.cache.internal.DefaultFileLockManager] Waiting to acquire exclusive lock on daemon addresses registry.
2024-03-29T13:40:32.459-0300 [DEBUG] [org.gradle.cache.internal.DefaultFileLockManager] Lock acquired on daemon addresses registry.
2024-03-29T13:40:32.462-0300 [DEBUG] [org.gradle.cache.internal.DefaultFileLockManager] Releasing lock on daemon addresses registry.
2024-03-29T13:40:32.462-0300 [DEBUG] [org.gradle.launcher.daemon.server.DaemonStateCoordinator] resetting idle timer
2024-03-29T13:40:32.463-0300 [DEBUG] [org.gradle.launcher.daemon.server.DaemonStateCoordinator] daemon is running. Sleeping until state changes.
2024-03-29T13:40:32.464-0300 [INFO] [org.gradle.launcher.daemon.server.exec.StartBuildOrRespondWithBusy] Daemon is about to start building Build{id=d1091cb0-7bf0-4f00-b1a4-a433b94aa6dd, currentDir=C:\Danillo\Projetos\unitfit\unitfit_training}. Dispatching build started information...
2024-03-29T13:40:32.464-0300 [DEBUG] [org.gradle.launcher.daemon.server.SynchronizedDispatchConnection] thread 172: dispatching org.gradle.launcher.daemon.protocol.BuildStarted@45e95f1b
2024-03-29T13:40:32.467-0300 [DEBUG] [org.gradle.launcher.daemon.server.exec.EstablishBuildEnvironment] Configuring env variables: [USERDOMAIN_ROAMINGPROFILE, PROCESSOR_LEVEL, SESSIONNAME, ALLUSERSPROFILE, INTEL_DEV_REDIST, PROCESSOR_ARCHITECTURE, MIC_LD_LIBRARY_PATH, PSModulePath, SystemDrive, USERNAME, ProgramFiles(x86), PYTHONPATH, PATHEXT, DriverData, OneDriveConsumer, IntelliJ IDEA Community Edition, GOPATH, ProgramData, ProgramW6432, HOMEPATH, PROCESSOR_IDENTIFIER, M2_HOME, ProgramFiles, PUBLIC, windir, =::, ZES_ENABLE_SYSMAN, LOCALAPPDATA, USERDOMAIN, LOGONSERVER, JAVA_HOME, OneDrive, APPDATA, CommonProgramFiles, Path, OS, COMPUTERNAME, PROCESSOR_REVISION, CommonProgramW6432, ComSpec, TEMP, SystemRoot, HOMEDRIVE, USERPROFILE, TMP, CommonProgramFiles(x86), EFC_9244, NUMBER_OF_PROCESSORS, IDEA_INITIAL_DIRECTORY]
2024-03-29T13:40:32.470-0300 [DEBUG] [org.gradle.launcher.daemon.server.exec.LogToClient] About to start relaying all logs to the client via the connection.
2024-03-29T13:40:32.470-0300 [INFO] [org.gradle.launcher.daemon.server.exec.LogToClient] The client will now receive all logging from the daemon (pid: 18032). The daemon log file: C:\Danillo\Projetos\unitfit\unitfit_training\training\gradle\wrapper\daemon\8.6\daemon-18032.out.log
2024-03-29T13:40:32.471-0300 [INFO] [org.gradle.launcher.daemon.server.exec.LogAndCheckHealth] Starting 4th build in daemon [uptime: 2 mins 12.878 secs, performance: 100%, GC rate: 0.00/s, heap usage: 0% of 512 MiB, non-heap usage: 20% of 384 MiB]
2024-03-29T13:40:32.471-0300 [DEBUG] [org.gradle.launcher.daemon.server.exec.ExecuteBuild] The daemon has started executing the build.
2024-03-29T13:40:32.471-0300 [DEBUG] [org.gradle.launcher.daemon.server.exec.ExecuteBuild] Executing build with daemon context: DefaultDaemonContext[uid=4c01192d-f8f2-45f5-b1a5-a2ddcb809583,javaHome=C:\Users\iara-\.jdks\openjdk-21.0.2,daemonRegistryDir=C:\Danillo\Projetos\unitfit\unitfit_training\training\gradle\wrapper\daemon,pid=18032,idleTimeout=10800000,priority=NORMAL,applyInstrumentationAgent=true,daemonOpts=--add-opens=java.base/java.util=ALL-UNNAMED,--add-opens=java.base/java.lang=ALL-UNNAMED,--add-opens=java.base/java.lang.invoke=ALL-UNNAMED,--add-opens=java.prefs/java.util.prefs=ALL-UNNAMED,--add-opens=java.base/java.nio.charset=ALL-UNNAMED,--add-opens=java.base/java.net=ALL-UNNAMED,--add-opens=java.base/java.util.concurrent.atomic=ALL-UNNAMED,-XX:MaxMetaspaceSize=384m,-XX:+HeapDumpOnOutOfMemoryError,-Xms256m,-Xmx512m,-Dfile.encoding=windows-1252,-Duser.country=BR,-Duser.language=pt,-Duser.variant]

BUILD SUCCESSFUL in 1s
5 actionable tasks: 5 up-to-date
2024-03-29T13:40:33.881-0300 [DEBUG] [org.gradle.launcher.daemon.server.exec.ExecuteBuild] The daemon has finished executing the build.
2024-03-29T13:40:33.900-0300 [DEBUG] [org.gradle.launcher.daemon.server.DaemonStateCoordinator] Command execution: finished waiting for DaemonCommandExecution[command = Build{id=d1091cb0-7bf0-4f00-b1a4-a433b94aa6dd, currentDir=C:\Danillo\Projetos\unitfit\unitfit_training}, connection = DefaultDaemonConnection: socket connection from /127.0.0.1:51113 to /127.0.0.1:51191]. Result org.gradle.launcher.daemon.server.DaemonStateCoordinator@24295d21 with state Busy
2024-03-29T13:40:33.901-0300 [DEBUG] [org.gradle.launcher.daemon.server.DaemonStateCoordinator] Command execution: completed DaemonCommandExecution[command = Build{id=d1091cb0-7bf0-4f00-b1a4-a433b94aa6dd, currentDir=C:\Danillo\Projetos\unitfit\unitfit_training}, connection = DefaultDaemonConnection: socket connection from /127.0.0.1:51113 to /127.0.0.1:51191]
2024-03-29T13:40:33.901-0300 [DEBUG] [org.gradle.launcher.daemon.server.DaemonStateCoordinator] resetting idle timer
2024-03-29T13:40:33.901-0300 [INFO] [org.gradle.launcher.daemon.server.DaemonRegistryUpdater] Marking the daemon as idle, address: [2a42b088-7e03-48c7-b8e5-5f175bef7de7 port:51113, addresses:[localhost/127.0.0.1]]
2024-03-29T13:40:33.902-0300 [DEBUG] [org.gradle.launcher.daemon.registry.PersistentDaemonRegistry] Marking busy by address: [2a42b088-7e03-48c7-b8e5-5f175bef7de7 port:51113, addresses:[localhost/127.0.0.1]]
2024-03-29T13:40:33.906-0300 [DEBUG] [org.gradle.cache.internal.DefaultFileLockManager] Waiting to acquire exclusive lock on daemon addresses registry.
2024-03-29T13:40:33.908-0300 [DEBUG] [org.gradle.cache.internal.DefaultFileLockManager] Lock acquired on daemon addresses registry.
2024-03-29T13:40:33.911-0300 [DEBUG] [org.gradle.cache.internal.DefaultFileLockManager] Releasing lock on daemon addresses registry.
2024-03-29T13:40:33.912-0300 [DEBUG] [org.gradle.launcher.daemon.server.DaemonStateCoordinator] daemon is running. Sleeping until state changes.
2024-03-29T13:40:33.912-0300 [DEBUG] [org.gradle.launcher.daemon.server.exec.ReturnResult] Daemon is dispatching the build result: Success[value=org.gradle.launcher.exec.BuildActionResult@3b9091a]
2024-03-29T13:40:33.913-0300 [DEBUG] [org.gradle.launcher.daemon.server.SynchronizedDispatchConnection] thread 169: dispatching Success[value=org.gradle.launcher.exec.BuildActionResult@3b9091a]
2024-03-29T13:40:33.914-0300 [DEBUG] [org.gradle.launcher.daemon.server.DefaultIncomingConnectionHandler] Finishing executing command: Build{id=d1091cb0-7bf0-4f00-b1a4-a433b94aa6dd, currentDir=C:\Danillo\Projetos\unitfit\unitfit_training}
2024-03-29T13:40:33.914-0300 [DEBUG] [org.gradle.launcher.daemon.server.SynchronizedDispatchConnection] thread 320: received class org.gradle.launcher.daemon.protocol.CloseInput
2024-03-29T13:40:33.915-0300 [DEBUG] [org.gradle.launcher.daemon.server.DefaultDaemonConnection] thread 320: Received IO message from client: org.gradle.launcher.daemon.protocol.CloseInput@714813ad
2024-03-29T13:40:33.915-0300 [DEBUG] [org.gradle.launcher.daemon.server.SynchronizedDispatchConnection] thread 320: received class org.gradle.launcher.daemon.protocol.Finished
2024-03-29T13:40:33.915-0300 [DEBUG] [org.gradle.launcher.daemon.server.DefaultDaemonConnection] thread 320: Received non-IO message from client: org.gradle.launcher.daemon.protocol.Finished@7f8ff3f4
2024-03-29T13:40:33.915-0300 [DEBUG] [org.gradle.launcher.daemon.server.DefaultIncomingConnectionHandler] Received finished message: org.gradle.launcher.daemon.protocol.Finished@7f8ff3f4
2024-03-29T13:40:33.915-0300 [DEBUG] [org.gradle.internal.remote.internal.inet.SocketConnection] Discarding EOFException: java.io.EOFException
2024-03-29T13:40:33.916-0300 [DEBUG] [org.gradle.launcher.daemon.server.SynchronizedDispatchConnection] thread 320: received null
2024-03-29T13:40:33.916-0300 [DEBUG] [org.gradle.launcher.daemon.server.DefaultDaemonConnection] thread 320: Received end-of-input from client.
2024-03-29T13:40:33.916-0300 [DEBUG] [org.gradle.launcher.daemon.server.SynchronizedDispatchConnection] thread 169: stopping connection
2024-03-29T13:40:33.918-0300 [DEBUG] [org.gradle.launcher.daemon.server.SynchronizedDispatchConnection] thread 169: stopping connection
2024-03-29T13:40:37.584-0300 [DEBUG] [org.gradle.internal.remote.internal.inet.TcpIncomingConnector] Accepted connection from /127.0.0.1:51199 to /127.0.0.1:51113.
2024-03-29T13:40:37.589-0300 [DEBUG] [org.gradle.launcher.daemon.server.SynchronizedDispatchConnection] thread 420: received class org.gradle.launcher.daemon.protocol.Build
2024-03-29T13:40:37.589-0300 [DEBUG] [org.gradle.launcher.daemon.server.DefaultDaemonConnection] thread 420: Received non-IO message from client: Build{id=a81e7146-8e2a-426a-b193-0a8c1da5b25d, currentDir=C:\Danillo\Projetos\unitfit\unitfit_training}
2024-03-29T13:40:37.590-0300 [INFO] [org.gradle.launcher.daemon.server.DefaultIncomingConnectionHandler] Received command: Build{id=a81e7146-8e2a-426a-b193-0a8c1da5b25d, currentDir=C:\Danillo\Projetos\unitfit\unitfit_training}.
2024-03-29T13:40:37.590-0300 [DEBUG] [org.gradle.launcher.daemon.server.DefaultIncomingConnectionHandler] Starting executing command: Build{id=a81e7146-8e2a-426a-b193-0a8c1da5b25d, currentDir=C:\Danillo\Projetos\unitfit\unitfit_training} with connection: socket connection from /127.0.0.1:51113 to /127.0.0.1:51199.
2024-03-29T13:40:37.590-0300 [DEBUG] [org.gradle.launcher.daemon.server.DaemonStateCoordinator] Command execution: started DaemonCommandExecution[command = Build{id=a81e7146-8e2a-426a-b193-0a8c1da5b25d, currentDir=C:\Danillo\Projetos\unitfit\unitfit_training}, connection = DefaultDaemonConnection: socket connection from /127.0.0.1:51113 to /127.0.0.1:51199] after 0.0 minutes of idle
2024-03-29T13:40:37.590-0300 [INFO] [org.gradle.launcher.daemon.server.DaemonRegistryUpdater] Marking the daemon as busy, address: [2a42b088-7e03-48c7-b8e5-5f175bef7de7 port:51113, addresses:[localhost/127.0.0.1]]
2024-03-29T13:40:37.590-0300 [DEBUG] [org.gradle.launcher.daemon.registry.PersistentDaemonRegistry] Marking busy by address: [2a42b088-7e03-48c7-b8e5-5f175bef7de7 port:51113, addresses:[localhost/127.0.0.1]]
2024-03-29T13:40:37.592-0300 [DEBUG] [org.gradle.cache.internal.DefaultFileLockManager] Waiting to acquire exclusive lock on daemon addresses registry.
2024-03-29T13:40:37.592-0300 [DEBUG] [org.gradle.cache.internal.DefaultFileLockManager] Lock acquired on daemon addresses registry.
2024-03-29T13:40:37.593-0300 [DEBUG] [org.gradle.cache.internal.DefaultFileLockManager] Releasing lock on daemon addresses registry.
2024-03-29T13:40:37.593-0300 [DEBUG] [org.gradle.launcher.daemon.server.DaemonStateCoordinator] resetting idle timer
2024-03-29T13:40:37.594-0300 [DEBUG] [org.gradle.launcher.daemon.server.DaemonStateCoordinator] daemon is running. Sleeping until state changes.
2024-03-29T13:40:37.594-0300 [INFO] [org.gradle.launcher.daemon.server.exec.StartBuildOrRespondWithBusy] Daemon is about to start building Build{id=a81e7146-8e2a-426a-b193-0a8c1da5b25d, currentDir=C:\Danillo\Projetos\unitfit\unitfit_training}. Dispatching build started information...
2024-03-29T13:40:37.594-0300 [DEBUG] [org.gradle.launcher.daemon.server.SynchronizedDispatchConnection] thread 172: dispatching org.gradle.launcher.daemon.protocol.BuildStarted@20e7ea38
2024-03-29T13:40:37.595-0300 [DEBUG] [org.gradle.launcher.daemon.server.exec.EstablishBuildEnvironment] Configuring env variables: [USERDOMAIN_ROAMINGPROFILE, PROCESSOR_LEVEL, SESSIONNAME, ALLUSERSPROFILE, INTEL_DEV_REDIST, PROCESSOR_ARCHITECTURE, MIC_LD_LIBRARY_PATH, PSModulePath, SystemDrive, USERNAME, ProgramFiles(x86), PYTHONPATH, PATHEXT, DriverData, OneDriveConsumer, IntelliJ IDEA Community Edition, GOPATH, ProgramData, ProgramW6432, HOMEPATH, PROCESSOR_IDENTIFIER, M2_HOME, ProgramFiles, PUBLIC, windir, =::, ZES_ENABLE_SYSMAN, LOCALAPPDATA, USERDOMAIN, LOGONSERVER, JAVA_HOME, OneDrive, APPDATA, CommonProgramFiles, Path, OS, COMPUTERNAME, PROCESSOR_REVISION, CommonProgramW6432, ComSpec, TEMP, SystemRoot, HOMEDRIVE, USERPROFILE, TMP, CommonProgramFiles(x86), EFC_9244, NUMBER_OF_PROCESSORS, IDEA_INITIAL_DIRECTORY]
2024-03-29T13:40:37.596-0300 [DEBUG] [org.gradle.launcher.daemon.server.exec.LogToClient] About to start relaying all logs to the client via the connection.
2024-03-29T13:40:37.596-0300 [INFO] [org.gradle.launcher.daemon.server.exec.LogToClient] The client will now receive all logging from the daemon (pid: 18032). The daemon log file: C:\Danillo\Projetos\unitfit\unitfit_training\training\gradle\wrapper\daemon\8.6\daemon-18032.out.log
2024-03-29T13:40:37.596-0300 [INFO] [org.gradle.launcher.daemon.server.exec.LogAndCheckHealth] Starting 5th build in daemon [uptime: 2 mins 18.002 secs, performance: 100%, GC rate: 0.00/s, heap usage: 0% of 512 MiB, non-heap usage: 20% of 384 MiB]
2024-03-29T13:40:37.596-0300 [DEBUG] [org.gradle.launcher.daemon.server.exec.ExecuteBuild] The daemon has started executing the build.
2024-03-29T13:40:37.597-0300 [DEBUG] [org.gradle.launcher.daemon.server.exec.ExecuteBuild] Executing build with daemon context: DefaultDaemonContext[uid=4c01192d-f8f2-45f5-b1a5-a2ddcb809583,javaHome=C:\Users\iara-\.jdks\openjdk-21.0.2,daemonRegistryDir=C:\Danillo\Projetos\unitfit\unitfit_training\training\gradle\wrapper\daemon,pid=18032,idleTimeout=10800000,priority=NORMAL,applyInstrumentationAgent=true,daemonOpts=--add-opens=java.base/java.util=ALL-UNNAMED,--add-opens=java.base/java.lang=ALL-UNNAMED,--add-opens=java.base/java.lang.invoke=ALL-UNNAMED,--add-opens=java.prefs/java.util.prefs=ALL-UNNAMED,--add-opens=java.base/java.nio.charset=ALL-UNNAMED,--add-opens=java.base/java.net=ALL-UNNAMED,--add-opens=java.base/java.util.concurrent.atomic=ALL-UNNAMED,-XX:MaxMetaspaceSize=384m,-XX:+HeapDumpOnOutOfMemoryError,-Xms256m,-Xmx512m,-Dfile.encoding=windows-1252,-Duser.country=BR,-Duser.language=pt,-Duser.variant]
Building image 'docker.io/library/training:0.0.1-SNAPSHOT'

 > Pulling builder image 'docker.io/paketobuildpacks/builder-jammy-base:latest' ..................................................
 > Pulled builder image 'paketobuildpacks/builder-jammy-base@sha256:aeb263786ab12e5da2f634f1cdc79cac260da3a76cca106046a1746e93e4ce52'
 > Pulling run image 'docker.io/paketobuildpacks/run-jammy-base:latest' ..................................................
 > Pulled run image 'paketobuildpacks/run-jammy-base@sha256:8431203470391fc58454b71bdb917f53c20f403892fbb447f4ea5265a8d7cf49'
 > Executing lifecycle version v0.19.0
 > Using build cache volume 'pack-cache-fcd1da58872a.build'

 > Running creator
    [creator]     ===> ANALYZING
    [creator]     Image with name "docker.io/library/training:0.0.1-SNAPSHOT" not found
    [creator]     ===> DETECTING
    [creator]     6 of 26 buildpacks participating
    [creator]     paketo-buildpacks/ca-certificates   3.6.8
    [creator]     paketo-buildpacks/bellsoft-liberica 10.5.5
    [creator]     paketo-buildpacks/syft              1.45.0
    [creator]     paketo-buildpacks/executable-jar    6.8.5
    [creator]     paketo-buildpacks/dist-zip          5.6.10
    [creator]     paketo-buildpacks/spring-boot       5.27.11
    [creator]     ===> RESTORING
    [creator]     ===> BUILDING
    [creator]     
    [creator]     Paketo Buildpack for CA Certificates 3.6.8
    [creator]       https://github.com/paketo-buildpacks/ca-certificates
    [creator]       Launch Helper: Contributing to layer
    [creator]         Creating /layers/paketo-buildpacks_ca-certificates/helper/exec.d/ca-certificates-helper
    [creator]     
    [creator]     Paketo Buildpack for BellSoft Liberica 10.5.5
    [creator]       https://github.com/paketo-buildpacks/bellsoft-liberica
    [creator]       Build Configuration:
    [creator]         $BP_JVM_JLINK_ARGS           --no-man-pages --no-header-files --strip-debug --compress=1  configure custom link arguments (--output must be omitted)
    [creator]         $BP_JVM_JLINK_ENABLED        false                                                        enables running jlink tool to generate custom JRE
    [creator]         $BP_JVM_TYPE                 JRE                                                          the JVM type - JDK or JRE
    [creator]         $BP_JVM_VERSION              17                                                           the Java version
    [creator]       Launch Configuration:
    [creator]         $BPL_DEBUG_ENABLED           false                                                        enables Java remote debugging support
    [creator]         $BPL_DEBUG_PORT              8000                                                         configure the remote debugging port
    [creator]         $BPL_DEBUG_SUSPEND           false                                                        configure whether to suspend execution until a debugger has attached
    [creator]         $BPL_HEAP_DUMP_PATH                                                                       write heap dumps on error to this path
    [creator]         $BPL_JAVA_NMT_ENABLED        true                                                         enables Java Native Memory Tracking (NMT)
    [creator]         $BPL_JAVA_NMT_LEVEL          summary                                                      configure level of NMT, summary or detail
    [creator]         $BPL_JFR_ARGS                                                                             configure custom Java Flight Recording (JFR) arguments
    [creator]         $BPL_JFR_ENABLED             false                                                        enables Java Flight Recording (JFR)
    [creator]         $BPL_JMX_ENABLED             false                                                        enables Java Management Extensions (JMX)
    [creator]         $BPL_JMX_PORT                5000                                                         configure the JMX port
    [creator]         $BPL_JVM_HEAD_ROOM           0                                                            the headroom in memory calculation
    [creator]         $BPL_JVM_LOADED_CLASS_COUNT  35% of classes                                               the number of loaded classes in memory calculation
    [creator]         $BPL_JVM_THREAD_COUNT        250                                                          the number of threads in memory calculation
    [creator]         $JAVA_TOOL_OPTIONS                                                                        the JVM launch flags
    [creator]         Using Java version 21 extracted from MANIFEST.MF
    [creator]       BellSoft Liberica JRE 21.0.2: Contributing to layer
    [creator]         Downloading from https://github.com/bell-sw/Liberica/releases/download/21.0.2+14/bellsoft-jre21.0.2+14-linux-amd64.tar.gz
    [creator]         Verifying checksum
    [creator]         Expanding to /layers/paketo-buildpacks_bellsoft-liberica/jre
    [creator]         Adding 137 container CA certificates to JVM truststore
    [creator]         Writing env.launch/BPI_APPLICATION_PATH.default
    [creator]         Writing env.launch/BPI_JVM_CACERTS.default
    [creator]         Writing env.launch/BPI_JVM_CLASS_COUNT.default
    [creator]         Writing env.launch/BPI_JVM_SECURITY_PROVIDERS.default
    [creator]         Writing env.launch/JAVA_HOME.default
    [creator]         Writing env.launch/JAVA_TOOL_OPTIONS.append
    [creator]         Writing env.launch/JAVA_TOOL_OPTIONS.delim
    [creator]         Writing env.launch/MALLOC_ARENA_MAX.default
    [creator]       Launch Helper: Contributing to layer
    [creator]         Creating /layers/paketo-buildpacks_bellsoft-liberica/helper/exec.d/active-processor-count
    [creator]         Creating /layers/paketo-buildpacks_bellsoft-liberica/helper/exec.d/java-opts
    [creator]         Creating /layers/paketo-buildpacks_bellsoft-liberica/helper/exec.d/jvm-heap
    [creator]         Creating /layers/paketo-buildpacks_bellsoft-liberica/helper/exec.d/link-local-dns
    [creator]         Creating /layers/paketo-buildpacks_bellsoft-liberica/helper/exec.d/memory-calculator
    [creator]         Creating /layers/paketo-buildpacks_bellsoft-liberica/helper/exec.d/security-providers-configurer
    [creator]         Creating /layers/paketo-buildpacks_bellsoft-liberica/helper/exec.d/jmx
    [creator]         Creating /layers/paketo-buildpacks_bellsoft-liberica/helper/exec.d/jfr
    [creator]         Creating /layers/paketo-buildpacks_bellsoft-liberica/helper/exec.d/openssl-certificate-loader
    [creator]         Creating /layers/paketo-buildpacks_bellsoft-liberica/helper/exec.d/security-providers-classpath-9
    [creator]         Creating /layers/paketo-buildpacks_bellsoft-liberica/helper/exec.d/debug-9
    [creator]         Creating /layers/paketo-buildpacks_bellsoft-liberica/helper/exec.d/nmt
    [creator]       Java Security Properties: Contributing to layer
    [creator]         Writing env.launch/JAVA_SECURITY_PROPERTIES.default
    [creator]         Writing env.launch/JAVA_TOOL_OPTIONS.append
    [creator]         Writing env.launch/JAVA_TOOL_OPTIONS.delim
    [creator]     
    [creator]     Paketo Buildpack for Syft 1.45.0
    [creator]       https://github.com/paketo-buildpacks/syft
    [creator]         Downloading from https://github.com/anchore/syft/releases/download/v0.105.0/syft_0.105.0_linux_amd64.tar.gz
    [creator]         Verifying checksum
    [creator]         Writing env.build/SYFT_CHECK_FOR_APP_UPDATE.default
    [creator]     
    [creator]     Paketo Buildpack for Executable JAR 6.8.5
    [creator]       https://github.com/paketo-buildpacks/executable-jar
    [creator]       Command "packages" is deprecated, use `syft scan` instead
    [creator]       Class Path: Contributing to layer
    [creator]         Writing env/CLASSPATH.delim
    [creator]         Writing env/CLASSPATH.prepend
    [creator]       Process types:
    [creator]         executable-jar: java org.springframework.boot.loader.launch.JarLauncher (direct)
    [creator]         task:           java org.springframework.boot.loader.launch.JarLauncher (direct)
    [creator]         web:            java org.springframework.boot.loader.launch.JarLauncher (direct)
    [creator]     
    [creator]     Paketo Buildpack for Spring Boot 5.27.11
    [creator]       https://github.com/paketo-buildpacks/spring-boot
    [creator]       Build Configuration:
    [creator]         $BP_SPRING_CLOUD_BINDINGS_DISABLED   false  whether to contribute Spring Boot cloud bindings support
    [creator]         $BP_SPRING_CLOUD_BINDINGS_VERSION    1      default version of Spring Cloud Bindings library to contribute
    [creator]       Launch Configuration:
    [creator]         $BPL_SPRING_CLOUD_BINDINGS_DISABLED  false  whether to auto-configure Spring Boot environment properties from bindings
    [creator]         $BPL_SPRING_CLOUD_BINDINGS_ENABLED   true   Deprecated - whether to auto-configure Spring Boot environment properties from bindings
    [creator]       Creating slices from layers index
    [creator]         dependencies (53.5 MB)
    [creator]         spring-boot-loader (446.0 KB)
    [creator]         snapshot-dependencies (0.0 B)
    [creator]         application (142.0 KB)
    [creator]       Launch Helper: Contributing to layer
    [creator]         Creating /layers/paketo-buildpacks_spring-boot/helper/exec.d/spring-cloud-bindings
    [creator]       Spring Cloud Bindings 2.0.3: Contributing to layer
    [creator]         Downloading from https://repo1.maven.org/maven2/org/springframework/cloud/spring-cloud-bindings/2.0.3/spring-cloud-bindings-2.0.3.jar
    [creator]         Verifying checksum
    [creator]         Copying to /layers/paketo-buildpacks_spring-boot/spring-cloud-bindings
    [creator]       Web Application Type: Contributing to layer
    [creator]         Servlet web application detected
    [creator]         Writing env.launch/BPL_JVM_THREAD_COUNT.default
    [creator]       4 application slices
    [creator]       Image labels:
    [creator]         org.opencontainers.image.title
    [creator]         org.opencontainers.image.version
    [creator]         org.springframework.boot.version
    [creator]     ===> EXPORTING
    [creator]     Adding layer 'paketo-buildpacks/ca-certificates:helper'
    [creator]     Adding layer 'paketo-buildpacks/bellsoft-liberica:helper'
    [creator]     Adding layer 'paketo-buildpacks/bellsoft-liberica:java-security-properties'
    [creator]     Adding layer 'paketo-buildpacks/bellsoft-liberica:jre'
    [creator]     Adding layer 'paketo-buildpacks/executable-jar:classpath'
    [creator]     Adding layer 'paketo-buildpacks/spring-boot:helper'
    [creator]     Adding layer 'paketo-buildpacks/spring-boot:spring-cloud-bindings'
    [creator]     Adding layer 'paketo-buildpacks/spring-boot:web-application-type'
    [creator]     Adding layer 'buildpacksio/lifecycle:launch.sbom'
    [creator]     Adding 5/5 app layer(s)
    [creator]     Adding layer 'buildpacksio/lifecycle:launcher'
    [creator]     Adding layer 'buildpacksio/lifecycle:config'
    [creator]     Adding layer 'buildpacksio/lifecycle:process-types'
    [creator]     Adding label 'io.buildpacks.lifecycle.metadata'
    [creator]     Adding label 'io.buildpacks.build.metadata'
    [creator]     Adding label 'io.buildpacks.project.metadata'
    [creator]     Adding label 'org.opencontainers.image.title'
    [creator]     Adding label 'org.opencontainers.image.version'
    [creator]     Adding label 'org.springframework.boot.version'
    [creator]     Setting default process type 'web'
    [creator]     Saving docker.io/library/training:0.0.1-SNAPSHOT...
Daemon vm is shutting down... The daemon has exited normally or was terminated in response to a user interrupt.
